[Licensing::Module] Trying to connect to existing licensing client channel...
Built from '6000.4/staging' branch; Version is '6000.4.2f1 (7a4c1aeef971) revision 8014874'; Using compiler version '194234433'; Build Type 'Release'
[Licensing::IpcConnector] Successfully connected to: "LicenseClient-LEGION" at "2026-06-13T11:46:23.8448651Z"
OS: 'Windows 11  (10.0.26200) Professional' Language: 'en' Physical Memory: 15556 MB
BatchMode: 1, IsHumanControllingUs: 0, StartBugReporterOnCrash: 0, Is64bit: 1
System  architecture: x64
Process architecture: x64
Date: 2026-06-13T11:46:23Z

COMMAND LINE ARGUMENTS:
D:\UnityHub\UnityEditors\6000.4.2f1\Editor\Unity.exe
-adb2
-batchMode
-noUpm
-name
AssetImportWorker3
-projectPath
D:/Game Projects/Networking Simulation 3D Multiplayer
-logFile
Logs/AssetImportWorker3.log
-srvPort
57070
-licensingIpc
LicenseClient-LEGION
-force-d3d12
-job-worker-count
7
-background-job-worker-count
8
-gc-helper-count
1
-name
AssetImport
Successfully changed project path to: D:/Game Projects/Networking Simulation 3D Multiplayer
D:/Game Projects/Networking Simulation 3D Multiplayer
[UnityMemory] Configuration Parameters - Can be set up in boot.config
    "memorysetup-temp-allocator-size-gi-baking-worker=262144"
    "memorysetup-temp-allocator-size-gi-baking-worker=262144"
    "memorysetup-temp-allocator-size-gi-baking-worker=262144"
    "memorysetup-temp-allocator-size-gi-baking-worker=262144"
    "memorysetup-temp-allocator-size-gi-baking-worker=262144"
    "memorysetup-temp-allocator-size-nav-mesh-worker=65536"
    "memorysetup-temp-allocator-size-audio-worker=65536"
    "memorysetup-temp-allocator-size-cloud-worker=32768"
    "memorysetup-temp-allocator-size-gfx=262144"
    "memorysetup-temp-allocator-size-preload-manager=33554432"
    "memorysetup-temp-allocator-size-job-worker=262144"
    "memorysetup-temp-allocator-size-background-worker=32768"
    "memorysetup-allocator-temp-initial-block-size-main=262144"
    "memorysetup-allocator-temp-initial-block-size-worker=262144"
    "memorysetup-bucket-allocator-granularity=16"
    "memorysetup-bucket-allocator-bucket-count=8"
    "memorysetup-bucket-allocator-block-size=33554432"
    "memorysetup-bucket-allocator-block-count=8"
    "memorysetup-main-allocator-block-size=16777216"
    "memorysetup-thread-allocator-block-size=16777216"
    "memorysetup-gfx-main-allocator-block-size=16777216"
    "memorysetup-gfx-thread-allocator-block-size=16777216"
    "memorysetup-cache-allocator-block-size=4194304"
    "memorysetup-typetree-allocator-block-size=2097152"
    "memorysetup-profiler-bucket-allocator-granularity=16"
    "memorysetup-profiler-bucket-allocator-bucket-count=8"
    "memorysetup-profiler-bucket-allocator-block-size=33554432"
    "memorysetup-profiler-bucket-allocator-block-count=8"
    "memorysetup-profiler-allocator-block-size=16777216"
    "memorysetup-profiler-editor-allocator-block-size=1048576"
    "memorysetup-temp-allocator-size-main=16777216"
    "memorysetup-job-temp-allocator-block-size=2097152"
    "memorysetup-job-temp-allocator-block-size-background=1048576"
    "memorysetup-job-temp-allocator-reduction-small-platforms=262144"
Player connection [19172]  Target information:

Player connection [19172]  * "[IP] 192.168.10.2 [Port] 0 [Flags] 2 [Guid] 3358196996 [EditorId] 3358196996 [Version] 1048832 [Id] WindowsEditor(7,DESKTOP-9HCSJE4) [Debug] 1 [PackageName] WindowsEditor [ProjectName] Editor" 

Player connection [19172] Host joined multi-casting on [225.0.0.222:54997]...
Player connection [19172] Host joined alternative multi-casting on [225.0.0.222:34997]...
JobSystem: Creating JobQueue using job-worker-count value 7
Input System module state changed to: Initialized.
[Physics::Module] Initialized fallback backend.
[Physics::Module] Id: 0xdecafbad
Library Redirect Path: Library/
[Physics::Module] Selected backend.
[Physics::Module] Name: PhysX
[Physics::Module] Id: 0xf2b8ea05
[Physics::Module] SDK Version: 4.1.2
[Physics::Module] Integration Version: 1.0.0
[Physics::Module] Threading Mode: Multi-Threaded
Refreshing native plugins compatible for Editor in 4.61 ms, found 4 plugins.
Initialize engine version: 6000.4.2f1 (7a4c1aeef971)
[Subsystems] Discovering subsystems at path D:/UnityHub/UnityEditors/6000.4.2f1/Editor/Data/Resources/UnitySubsystems
[Subsystems] Discovering subsystems at path D:/Game Projects/Networking Simulation 3D Multiplayer/Assets
Forcing GfxDevice: Direct3D 12
GfxDevice: creating device client; kGfxThreadingModeNonThreaded
d3d12: failed to query info queue interface (0x80004002).
Direct3D:
    Version:         Direct3D 12 [level 12.2]
    Renderer:        NVIDIA GeForce RTX 3060 Laptop GPU (ID=0x2560)
    Vendor:          NVIDIA
    VRAM:            5994 MB
    App VRAM Budget: 5226 MB
    Driver:          32.0.15.9579
Initialize mono
Mono path[0] = 'D:/UnityHub/UnityEditors/6000.4.2f1/Editor/Data/Managed'
Mono path[1] = 'D:/UnityHub/UnityEditors/6000.4.2f1/Editor/Data/MonoBleedingEdge/lib/mono/unityjit-win32'
Mono config path = 'D:/UnityHub/UnityEditors/6000.4.2f1/Editor/Data/MonoBleedingEdge/etc'
Using monoOptions --debugger-agent=transport=dt_socket,embedding=1,server=y,suspend=n,address=127.0.0.1:56008
CodeReloadManager initialized
Begin MonoManager ReloadAssembly
Registering precompiled unity dll's ...
Register platform support module: D:/UnityHub/UnityEditors/6000.4.2f1/Editor/Data/PlaybackEngines/WebGLSupport/UnityEditor.WebGL.Extensions.dll
Register platform support module: D:/UnityHub/UnityEditors/6000.4.2f1/Editor/Data/PlaybackEngines/WindowsStandaloneSupport/UnityEditor.WindowsStandalone.Extensions.dll
Registered in 0.002635 seconds.
Native extension for WindowsStandalone target not found
Native extension for WebGL target not found
Package Manager log level set to [2]
[Package Manager] Failed to launch server process. Reason: Unity was launched with the -noUpm command-line argument
[Package Manager] Unable to send message (not connected to server process).
[Package Manager] Cannot connect to Unity Package Manager local server
ScheduleIndexationOnStartup MainProcess:False IndexOnStartup:True
Mono: successfully reloaded assembly
- Finished resetting the current domain, in  0.996 seconds
Domain Reload Profiling: 2004ms
	BeginReloadAssembly (254ms)
	RebuildCommonClasses (91ms)
	RebuildNativeTypeToScriptingClass (24ms)
	initialDomainReloadingComplete (129ms)
	LoadAllAssembliesAndSetupDomain (507ms)
		LoadAssemblies (252ms)
		AnalyzeDomain (488ms)
			TypeCache.Refresh (485ms)
				TypeCache.ScanAssembly (451ms)
	FinalizeReload (1000ms)
		SetupLoadedEditorAssemblies (0ms)
			InitializePlatformSupportModulesInManaged (107ms)
			BeforeProcessingInitializeOnLoad (204ms)
			ProcessInitializeOnLoadAttributes (302ms)
			ProcessInitializeOnLoadMethodAttributes (216ms)
[Licensing::Client] Error: HandshakeResponse reported an error:
	ResponseCode: 505
	ResponseStatus: Unsupported protocol version '1.18.1'.
[Licensing::Module] Error: Failed to handshake to channel: "LicenseClient-LEGION"
[Licensing::IpcConnector] LicenseClient-LEGION channel disconnected successfully.
[Licensing::IpcConnector] Successfully connected to: "LicenseClient-LEGION-6000.4.2" at "2026-06-13T11:46:27.6601521Z"
========================================================================
Worker process is ready to serve import requests
Import Worker Mode flag is 0x00
Begin MonoManager ReloadAssembly
[Licensing::Module] Licensing is not yet initialized.
[Licensing::Client] Handshaking with LicensingClient:
  Version:                 1.18.1+9fbee8e
  Session Id:              b6d19c43f29e465d83f82d71f4efe17a
  Correlation Id:          d2797da0b1a927bc2cde78ec90d3c9c3
  External correlation Id: 443565801892302347
  Machine Id:              tzhtZxhvCXxp/GomqbiF3TPk4uQ=
[Licensing::Module] Successfully connected to LicensingClient on channel: "LicenseClient-LEGION-6000.4.2" (connect: 0.00s, validation: 0.00s, handshake: 2.85s)
[Licensing::IpcConnector] Successfully connected to: "LicenseClient-LEGION-6000.4.2-notifications" at "2026-06-13T11:46:30.5172371Z"
[Licensing::Module] Licensing Background thread has ended after 6.67s
[Licensing::Module] Licensing is initialized (took 2.64s).
[Licensing::Client] Successfully resolved entitlement details
[Licensing::Module] License group:
  Id: 18968344361100-UnityPersXXXX
  Product: Unity Personal
  Type: Assigned
  Expiration: Unlimited
Assembly Assembly-CSharp-Editor-firstpass.dll at Library/ScriptAssemblies/Assembly-CSharp-Editor-firstpass.dll not valid. Loading of assembly skipped.
Assembly Assembly-CSharp-firstpass.dll at Library/ScriptAssemblies/Assembly-CSharp-firstpass.dll not valid. Loading of assembly skipped.
Assembly DocCodeExamples.dll at Library/ScriptAssemblies/DocCodeExamples.dll not valid. Loading of assembly skipped.
Assembly McpUnity.Editor.Tests.dll at Library/ScriptAssemblies/McpUnity.Editor.Tests.dll not valid. Loading of assembly skipped.
Assembly TestNewCustomAssembly.dll at Library/ScriptAssemblies/TestNewCustomAssembly.dll not valid. Loading of assembly skipped.
Assembly Unity.Collections.BurstCompatibilityGen.dll at Library/ScriptAssemblies/Unity.Collections.BurstCompatibilityGen.dll not valid. Loading of assembly skipped.
Assembly Unity.Collections.DocCodeSamples.dll at Library/ScriptAssemblies/Unity.Collections.DocCodeSamples.dll not valid. Loading of assembly skipped.
Assembly Unity.Collections.PerformanceTests.dll at Library/ScriptAssemblies/Unity.Collections.PerformanceTests.dll not valid. Loading of assembly skipped.
Assembly Unity.Collections.Tests.dll at Library/ScriptAssemblies/Unity.Collections.Tests.dll not valid. Loading of assembly skipped.
Assembly Unity.Collections.Tests.Playmode.dll at Library/ScriptAssemblies/Unity.Collections.Tests.Playmode.dll not valid. Loading of assembly skipped.
Assembly Unity.InputSystem.IntegrationTests.dll at Library/ScriptAssemblies/Unity.InputSystem.IntegrationTests.dll not valid. Loading of assembly skipped.
Assembly Unity.Mathematics.Tests.dll at Library/ScriptAssemblies/Unity.Mathematics.Tests.dll not valid. Loading of assembly skipped.
Assembly Unity.Multiplayer.Center.Editor.Tests.dll at Library/ScriptAssemblies/Unity.Multiplayer.Center.Editor.Tests.dll not valid. Loading of assembly skipped.
Assembly Unity.Multiplayer.Center.Tests.dll at Library/ScriptAssemblies/Unity.Multiplayer.Center.Tests.dll not valid. Loading of assembly skipped.
Assembly Unity.Nuget.Mono-Cecil.dll at Library/ScriptAssemblies/Unity.Nuget.Mono-Cecil.dll not valid. Loading of assembly skipped.
Assembly Unity.PathTracing.Editor.Tests.dll at Library/ScriptAssemblies/Unity.PathTracing.Editor.Tests.dll not valid. Loading of assembly skipped.
Assembly Unity.PathTracing.Runtime.Tests.dll at Library/ScriptAssemblies/Unity.PathTracing.Runtime.Tests.dll not valid. Loading of assembly skipped.
Assembly Unity.RenderPipelines.Core.Editor.Tests.dll at Library/ScriptAssemblies/Unity.RenderPipelines.Core.Editor.Tests.dll not valid. Loading of assembly skipped.
Assembly Unity.RenderPipelines.Core.Runtime.Tests.dll at Library/ScriptAssemblies/Unity.RenderPipelines.Core.Runtime.Tests.dll not valid. Loading of assembly skipped.
Assembly Unity.RenderPipelines.Universal.Config.Editor.Tests.dll at Library/ScriptAssemblies/Unity.RenderPipelines.Universal.Config.Editor.Tests.dll not valid. Loading of assembly skipped.
Assembly Unity.RenderPipelines.Universal.Editor.Tests.dll at Library/ScriptAssemblies/Unity.RenderPipelines.Universal.Editor.Tests.dll not valid. Loading of assembly skipped.
Assembly Unity.RenderPipelines.Universal.Runtime.Tests.dll at Library/ScriptAssemblies/Unity.RenderPipelines.Universal.Runtime.Tests.dll not valid. Loading of assembly skipped.
Assembly Unity.Searcher.EditorTests.dll at Library/ScriptAssemblies/Unity.Searcher.EditorTests.dll not valid. Loading of assembly skipped.
Assembly Unity.ShaderGraph.Editor.Tests.dll at Library/ScriptAssemblies/Unity.ShaderGraph.Editor.Tests.dll not valid. Loading of assembly skipped.
Assembly Unity.TextMeshPro.Editor.Tests.dll at Library/ScriptAssemblies/Unity.TextMeshPro.Editor.Tests.dll not valid. Loading of assembly skipped.
Assembly Unity.TextMeshPro.Tests.dll at Library/ScriptAssemblies/Unity.TextMeshPro.Tests.dll not valid. Loading of assembly skipped.
Assembly Unity.UnifiedRayTracing.Editor.Tests.dll at Library/ScriptAssemblies/Unity.UnifiedRayTracing.Editor.Tests.dll not valid. Loading of assembly skipped.
Assembly UnityEditor.UI.Common.Tests.dll at Library/ScriptAssemblies/UnityEditor.UI.Common.Tests.dll not valid. Loading of assembly skipped.
Assembly UnityEditor.UI.EditorTests.dll at Library/ScriptAssemblies/UnityEditor.UI.EditorTests.dll not valid. Loading of assembly skipped.
Assembly UnityEngine.UI.Tests.dll at Library/ScriptAssemblies/UnityEngine.UI.Tests.dll not valid. Loading of assembly skipped.
Symbol file LoadedFromMemory is not a mono symbol file
Refreshing native plugins compatible for Editor in 2.32 ms, found 4 plugins.
Native extension for WindowsStandalone target not found
Native extension for WebGL target not found
[Package Manager] Failed to launch server process. Reason: Unity was launched with the -noUpm command-line argument
[Package Manager] Unable to send message (not connected to server process).
[Package Manager] Cannot connect to Unity Package Manager local server
Refreshing native plugins compatible for Editor in 2.47 ms, found 4 plugins.
[Package Manager] Failed to launch server process. Reason: Unity was launched with the -noUpm command-line argument
[Package Manager] Unable to send message (not connected to server process).
[Package Manager] Cannot connect to Unity Package Manager local server
ScheduleIndexationOnStartup MainProcess:False IndexOnStartup:True
Mono: successfully reloaded assembly
- Finished resetting the current domain, in  1.265 seconds
Domain Reload Profiling: 5238ms
	BeginReloadAssembly (2941ms)
		DisableScriptedObjects (12ms)
		CreateAndSetChildDomain (57ms)
	RebuildCommonClasses (58ms)
	RebuildNativeTypeToScriptingClass (15ms)
	initialDomainReloadingComplete (100ms)
	LoadAllAssembliesAndSetupDomain (858ms)
		LoadAssemblies (602ms)
		AnalyzeDomain (413ms)
			TypeCache.Refresh (291ms)
				TypeCache.ScanAssembly (262ms)
			BuildScriptInfoCaches (105ms)
			ResolveRequiredComponents (15ms)
	FinalizeReload (1266ms)
		SetupLoadedEditorAssemblies (0ms)
			InitializePlatformSupportModulesInManaged (4ms)
			BeforeProcessingInitializeOnLoad (219ms)
			ProcessInitializeOnLoadAttributes (534ms)
			ProcessInitializeOnLoadMethodAttributes (121ms)
			AfterProcessingInitializeOnLoad (4ms)
		AwakeInstancesAfterBackupRestoration (10ms)
Launched and connected shader compiler UnityShaderCompiler.exe after 0.03 seconds
Unloading 24 Unused Serialized files (Serialized files now loaded: 0)
Unloading 6613 unused Assets / (6.3 MB). Loaded Objects now: 7427.
Memory consumption went from 171.7 MB to 165.4 MB.
Total: 18.200900 ms (FindLiveObjects: 2.000900 ms CreateObjectMapping: 1.195700 ms MarkObjects: 9.886300 ms  DeleteObjects: 5.114400 ms)

========================================================================
Received Import Request.
  Time since last request: 2203.744469 seconds.
  path: Assets/Materials/Textures/Kenney Prototype Textures/PNG/Green/texture_05.png
  importAddress: Guid(f480da209f669284f8b90fbd901faaca) Importer(2089858483,b0f066a214c2f5e87bad3c948f4d605d)
Start importing Assets/Materials/Textures/Kenney Prototype Textures/PNG/Green/texture_05.png using Guid(f480da209f669284f8b90fbd901faaca) Importer(2089858483,b0f066a214c2f5e87bad3c948f4d605d) (ScriptedImporter) -> (Import Result ID: '6fa591e7f6a4b78a1c728de2a29c559b') in 0.1986852 seconds [static and dynamic dependencies]. Details - ImportResultOutputID=a46024a7c45e119647610563dc0a7307 DependenciesID=fa776c9efcceb10b20de84e0ba8084ec StaticDependenciesID=4600877a2a76bb78e5af4f5f133c97b3 
Number of updated asset objects reloaded before import = 0Number of asset objects unloaded after import = 1

========================================================================
Received Import Request.
  Time since last request: 0.000048 seconds.
  path: Assets/Temp Player Material.mat
  importAddress: Guid(857a2f1671663cc409f1c4b5a2d7e83a) Importer(815301076,1909f56bfc062723c751e8b465ee728b)
Start importing Assets/Temp Player Material.mat using Guid(857a2f1671663cc409f1c4b5a2d7e83a) Importer(815301076,1909f56bfc062723c751e8b465ee728b) (PreviewImporter) -> (Import Result ID: '1f0e4f17ca2229a7eff527e169784b07') in 0.7984091 seconds [static and dynamic dependencies]. Details - ImportResultOutputID=cb333b02238323ba958f4bb3c4dd67e1 DependenciesID=171aa407cd954cf4d75786bbf31d2b42 StaticDependenciesID=09714e43f2015fac044fa1af83f508db 
Number of updated asset objects reloaded before import = 0Number of asset objects unloaded after import = 1

========================================================================
Received Import Request.
  Time since last request: 0.000060 seconds.
  path: Assets/Materials/Textures/Kenney Prototype Textures/PNG/Purple/texture_02.png
  importAddress: Guid(cc3fffae6ed78d945a570dcbbc9ed880) Importer(2089858483,b0f066a214c2f5e87bad3c948f4d605d)
Start importing Assets/Materials/Textures/Kenney Prototype Textures/PNG/Purple/texture_02.png using Guid(cc3fffae6ed78d945a570dcbbc9ed880) Importer(2089858483,b0f066a214c2f5e87bad3c948f4d605d) (ScriptedImporter) -> (Import Result ID: '3bbd14bc73207ceb35b7ce0c1defdbd4') in 0.026322 seconds [static and dynamic dependencies]. Details - ImportResultOutputID=d20718fbe3831f8bc29845b891c77edf DependenciesID=bcac9c69f042cb53275cedefe6590a64 StaticDependenciesID=2fb5c0e660fb8bdd35fdc0c7794f9467 
Number of updated asset objects reloaded before import = 0Number of asset objects unloaded after import = 1

========================================================================
Received Import Request.
  Time since last request: 0.000043 seconds.
  path: Assets/Polytope Studio/Lowpoly_Village/Sources/Materials/PT_mat.mat
  importAddress: Guid(56532089e45dbc1479865e115cc8c637) Importer(2089858483,b0f066a214c2f5e87bad3c948f4d605d)
Start importing Assets/Polytope Studio/Lowpoly_Village/Sources/Materials/PT_mat.mat using Guid(56532089e45dbc1479865e115cc8c637) Importer(2089858483,b0f066a214c2f5e87bad3c948f4d605d) (ScriptedImporter) -> (Import Result ID: '3dda6b4112f94a824b931a3a2886ab24') in 0.032346 seconds [static and dynamic dependencies]. Details - ImportResultOutputID=1735b2fee349554a4f7d63982db32892 DependenciesID=f8250c9a3c1082819a5a79c0aa177968 StaticDependenciesID=af547d8b95422a2b337ab2368418753b 
Number of updated asset objects reloaded before import = 0Number of asset objects unloaded after import = 2

========================================================================
Received Import Request.
  Time since last request: 0.000043 seconds.
  path: Assets/Polytope Studio/Lowpoly_Village/Sources/Materials/PT_Buildings_mat.mat
  importAddress: Guid(d55b08511377b684395dab1b9fba6a16) Importer(2089858483,b0f066a214c2f5e87bad3c948f4d605d)
Start importing Assets/Polytope Studio/Lowpoly_Village/Sources/Materials/PT_Buildings_mat.mat using Guid(d55b08511377b684395dab1b9fba6a16) Importer(2089858483,b0f066a214c2f5e87bad3c948f4d605d) (ScriptedImporter) -> (Import Result ID: 'e131137e5bc85a4306a88a5c7aa51a50') in 0.026247 seconds [static and dynamic dependencies]. Details - ImportResultOutputID=60e76bef441481b3a0c0816f448daebc DependenciesID=22a6515520bc010c6d84a7f7b6423df3 StaticDependenciesID=da46b33b4c3d225bcc820309352c59fc 
Number of updated asset objects reloaded before import = 0Number of asset objects unloaded after import = 3

========================================================================
Received Import Request.
  Time since last request: 0.000079 seconds.
  path: Assets/Polytope Studio/Welcome_Screen/Editor/Textures/icon_twitter.png
  importAddress: Guid(443409fd0c41a114ea53fa917605b527) Importer(2089858483,b0f066a214c2f5e87bad3c948f4d605d)
Start importing Assets/Polytope Studio/Welcome_Screen/Editor/Textures/icon_twitter.png using Guid(443409fd0c41a114ea53fa917605b527) Importer(2089858483,b0f066a214c2f5e87bad3c948f4d605d) (ScriptedImporter) -> (Import Result ID: '39dff40fc45196763192a229a39e0188') in 0.0218123 seconds [static and dynamic dependencies]. Details - ImportResultOutputID=55d72bf5520a87da3cb79fae9881d92b DependenciesID=6c0a85c1d21c4a315f0e7d6c4cc187e7 StaticDependenciesID=79e8a83b79d96613c254d20be214e5f1 
Number of updated asset objects reloaded before import = 0Number of asset objects unloaded after import = 1

========================================================================
Received Import Request.
  Time since last request: 0.000042 seconds.
  path: Assets/Materials/Textures/Kenney Prototype Textures/Vector/texture_08.swf
  importAddress: Guid(a7ddc7623702be44e868a592f0da7744) Importer(2089858483,b0f066a214c2f5e87bad3c948f4d605d)
Start importing Assets/Materials/Textures/Kenney Prototype Textures/Vector/texture_08.swf using Guid(a7ddc7623702be44e868a592f0da7744) Importer(2089858483,b0f066a214c2f5e87bad3c948f4d605d) (ScriptedImporter) -> (Import Result ID: '9921b91a556dd8486a360a6511cdf5c0') in 0.019629 seconds [static and dynamic dependencies]. Details - ImportResultOutputID=d9cbf8d3f4165e7b313494e226cc5376 DependenciesID=cac62d237c58537e757c768b142d6d99 StaticDependenciesID=9d1280d40980a385c15b9a18f460e85e 
Number of updated asset objects reloaded before import = 0Number of asset objects unloaded after import = 1

========================================================================
Received Import Request.
  Time since last request: 0.000050 seconds.
  path: Assets/Polytope Studio/Lowpoly_Environments
  importAddress: Guid(be41ee6ac43e67344981ef736f6e5ca2) Importer(2089858483,b0f066a214c2f5e87bad3c948f4d605d)
Start importing Assets/Polytope Studio/Lowpoly_Environments using Guid(be41ee6ac43e67344981ef736f6e5ca2) Importer(2089858483,b0f066a214c2f5e87bad3c948f4d605d) (ScriptedImporter) -> (Import Result ID: '23c1409a632380172da07de91c6beb60') in 0.0222205 seconds [static and dynamic dependencies]. Details - ImportResultOutputID=0856992ac535178d20b096632685fcfa DependenciesID=bd5ea122a8431e92b3a7775608eb6965 StaticDependenciesID=d1205d5c70385ccce475e2f7d50c1768 
Number of updated asset objects reloaded before import = 0Number of asset objects unloaded after import = 1

========================================================================
Received Import Request.
  Time since last request: 0.000033 seconds.
  path: Assets/Polytope Studio/Welcome_Screen/Editor/Textures/icon_artstation.png
  importAddress: Guid(3b363c299ea09004da446d737b8dc988) Importer(2089858483,b0f066a214c2f5e87bad3c948f4d605d)
Start importing Assets/Polytope Studio/Welcome_Screen/Editor/Textures/icon_artstation.png using Guid(3b363c299ea09004da446d737b8dc988) Importer(2089858483,b0f066a214c2f5e87bad3c948f4d605d) (ScriptedImporter) -> (Import Result ID: '1e739408eaa4630020a7d1004b13ee92') in 0.0234851 seconds [static and dynamic dependencies]. Details - ImportResultOutputID=99d005b4ee97aeccd70a0739508ce7d5 DependenciesID=0f88bd593fce67304df180908141b8a7 StaticDependenciesID=18484c930d52d4c23201ee70ebcacb9f 
Number of updated asset objects reloaded before import = 0Number of asset objects unloaded after import = 1

========================================================================
Received Import Request.
  Time since last request: 0.000074 seconds.
  path: Assets/Polytope Studio/Lowpoly_Village/Prefabs/Modular/Fence/PT_Modular_Gate_Wood_01.prefab
  importAddress: Guid(5db93e6325024c749aa2663b9998053d) Importer(2089858483,b0f066a214c2f5e87bad3c948f4d605d)
Start importing Assets/Polytope Studio/Lowpoly_Village/Prefabs/Modular/Fence/PT_Modular_Gate_Wood_01.prefab using Guid(5db93e6325024c749aa2663b9998053d) Importer(2089858483,b0f066a214c2f5e87bad3c948f4d605d) (ScriptedImporter) -> (Import Result ID: '926471b08c9d562d7c8209d409bed571') in 0.0364772 seconds [static and dynamic dependencies]. Details - ImportResultOutputID=c268a6e77349c1d2a5462e141d9e42a4 DependenciesID=629c9d3dfc573c61daee766b8ae5e2f8 StaticDependenciesID=a0733367c30ae72aeec3a949b8e22915 
Number of updated asset objects reloaded before import = 0Number of asset objects unloaded after import = 22

========================================================================
Received Import Request.
  Time since last request: 0.000059 seconds.
  path: Assets/Materials/Textures/Kenney Prototype Textures/PNG/Dark/Materials/texture_08.mat
  importAddress: Guid(5bb4c19abee1e9f40b128b2c678ed890) Importer(2089858483,b0f066a214c2f5e87bad3c948f4d605d)
Start importing Assets/Materials/Textures/Kenney Prototype Textures/PNG/Dark/Materials/texture_08.mat using Guid(5bb4c19abee1e9f40b128b2c678ed890) Importer(2089858483,b0f066a214c2f5e87bad3c948f4d605d) (ScriptedImporter) -> (Import Result ID: '4d014df8da4db0b6fc46ad7f3ffd42e1') in 0.0234733 seconds [static and dynamic dependencies]. Details - ImportResultOutputID=b3e5f027dfd16d05ae0c7d3923ca954b DependenciesID=ce44f37f91c3eb0e7018a1acd1b5471c StaticDependenciesID=333e9d3700d682c478ad6b07a30eafb7 
Number of updated asset objects reloaded before import = 0Number of asset objects unloaded after import = 2

========================================================================
Received Import Request.
  Time since last request: 0.000043 seconds.
  path: Assets/Materials/Textures/Kenney Prototype Textures/PNG/Orange
  importAddress: Guid(abc3b8c0b48c9ce4b922f941b3fa52ff) Importer(2089858483,b0f066a214c2f5e87bad3c948f4d605d)
Start importing Assets/Materials/Textures/Kenney Prototype Textures/PNG/Orange using Guid(abc3b8c0b48c9ce4b922f941b3fa52ff) Importer(2089858483,b0f066a214c2f5e87bad3c948f4d605d) (ScriptedImporter) -> (Import Result ID: '5879feb43d1e515141d5525c5b096f97') in 0.0171451 seconds [static and dynamic dependencies]. Details - ImportResultOutputID=4798b99663e7fc596c689e1de5e20dd7 DependenciesID=5fc137a0df18bc66717262a2ec76dc61 StaticDependenciesID=64bcb858e6db7a2d5d99f06575f07f31 
Number of updated asset objects reloaded before import = 0Number of asset objects unloaded after import = 1

========================================================================
Received Import Request.
  Time since last request: 0.000047 seconds.
  path: Assets/Scripts/Core/Levels/LevelData.cs
  importAddress: Guid(0c0a0028b27545fc998b9d5a3816eacc) Importer(2089858483,b0f066a214c2f5e87bad3c948f4d605d)
Start importing Assets/Scripts/Core/Levels/LevelData.cs using Guid(0c0a0028b27545fc998b9d5a3816eacc) Importer(2089858483,b0f066a214c2f5e87bad3c948f4d605d) (ScriptedImporter) -> (Import Result ID: '74deb4f344df54188a2c7ede0e1dd96b') in 0.0178897 seconds [static and dynamic dependencies]. Details - ImportResultOutputID=f5afbdef9951f067838f7fc0cf931be2 DependenciesID=ce610a663320d4b1f307510b12e19f0b StaticDependenciesID=368eefc44208688d5db44d68de1f829b 
Number of updated asset objects reloaded before import = 0Number of asset objects unloaded after import = 0

========================================================================
Received Import Request.
  Time since last request: 0.000032 seconds.
  path: Assets/Scripts/Player/IPlayerInteractable.cs
  importAddress: Guid(416ccd3c0c2b4a58b8f5c311aed5329d) Importer(2089858483,b0f066a214c2f5e87bad3c948f4d605d)
Start importing Assets/Scripts/Player/IPlayerInteractable.cs using Guid(416ccd3c0c2b4a58b8f5c311aed5329d) Importer(2089858483,b0f066a214c2f5e87bad3c948f4d605d) (ScriptedImporter) -> (Import Result ID: '2c5dcc0c93b91e48d562887439c94ca2') in 0.016723 seconds [static and dynamic dependencies]. Details - ImportResultOutputID=5d79169664f6e6357990de2bb6cf510d DependenciesID=f3657fd832ea37ca09a57fb3552d97e2 StaticDependenciesID=9b1c7869670b0693fb7e2575ca907208 
Number of updated asset objects reloaded before import = 0Number of asset objects unloaded after import = 0

========================================================================
Received Import Request.
  Time since last request: 0.000054 seconds.
  path: Assets/Polytope Studio/Lowpoly_Environments/Prefabs/Trees/PT_Fruit_Tree_01_dead.prefab
  importAddress: Guid(c6a512d95615f534cbe31aba1aaa354c) Importer(2089858483,b0f066a214c2f5e87bad3c948f4d605d)
Start importing Assets/Polytope Studio/Lowpoly_Environments/Prefabs/Trees/PT_Fruit_Tree_01_dead.prefab using Guid(c6a512d95615f534cbe31aba1aaa354c) Importer(2089858483,b0f066a214c2f5e87bad3c948f4d605d) (ScriptedImporter) -> (Import Result ID: 'f429de41ff0797e432fded40ca9c197b') in 0.0235482 seconds [static and dynamic dependencies]. Details - ImportResultOutputID=0af5430e0f517b026b12525339a87f7e DependenciesID=41045ca4254368c497a49a450e83aab9 StaticDependenciesID=d877d827a07a0db45c5056c04f517713 
Number of updated asset objects reloaded before import = 0Number of asset objects unloaded after import = 20

========================================================================
Received Import Request.
  Time since last request: 0.000037 seconds.
  path: Assets/Scripts/Core/Network/NetworkPort.cs
  importAddress: Guid(4bd1dcee800a4592a0962ee8caf86779) Importer(2089858483,b0f066a214c2f5e87bad3c948f4d605d)
Start importing Assets/Scripts/Core/Network/NetworkPort.cs using Guid(4bd1dcee800a4592a0962ee8caf86779) Importer(2089858483,b0f066a214c2f5e87bad3c948f4d605d) (ScriptedImporter) -> (Import Result ID: '724d6dcefdb109da5e545589b9992834') in 0.0187024 seconds [static and dynamic dependencies]. Details - ImportResultOutputID=8b078e1084ae2e2cb342aea4670c27ed DependenciesID=de6d393c9b13305f9ba4d8bb6fb58e57 StaticDependenciesID=c0c9bd49b06548f330de10724a8ea911 
Number of updated asset objects reloaded before import = 0Number of asset objects unloaded after import = 0

========================================================================
Received Import Request.
  Time since last request: 0.000026 seconds.
  path: Assets/Materials/Textures/Kenney Prototype Textures/PNG/Dark/texture_09.png
  importAddress: Guid(fcdcb9825f2aba44b9aa7325d0fb3134) Importer(2089858483,b0f066a214c2f5e87bad3c948f4d605d)
Start importing Assets/Materials/Textures/Kenney Prototype Textures/PNG/Dark/texture_09.png using Guid(fcdcb9825f2aba44b9aa7325d0fb3134) Importer(2089858483,b0f066a214c2f5e87bad3c948f4d605d) (ScriptedImporter) -> (Import Result ID: 'ce8e4508d1b566317892f51bd6bcfabe') in 0.0299905 seconds [static and dynamic dependencies]. Details - ImportResultOutputID=7fdda39cf3b87471fb70082fb1639fca DependenciesID=6d56d1e814588c404cadb46e394e4eb3 StaticDependenciesID=a6125152cf2ee84cebebd8814f9db473 
Number of updated asset objects reloaded before import = 0Number of asset objects unloaded after import = 1

========================================================================
Received Import Request.
  Time since last request: 0.000046 seconds.
  path: Assets/Materials/Textures/Kenney Prototype Textures/PNG/Light/texture_12.png
  importAddress: Guid(355c2c423ff09ca47b3c1d093e93b824) Importer(2089858483,b0f066a214c2f5e87bad3c948f4d605d)
Start importing Assets/Materials/Textures/Kenney Prototype Textures/PNG/Light/texture_12.png using Guid(355c2c423ff09ca47b3c1d093e93b824) Importer(2089858483,b0f066a214c2f5e87bad3c948f4d605d) (ScriptedImporter) -> (Import Result ID: '46039f91f7069a47081df3fe91a1553e') in 0.0242396 seconds [static and dynamic dependencies]. Details - ImportResultOutputID=90aa92a34476dc0914ad6e96c8094795 DependenciesID=c6bb3a8219ea291782466019b7d8aa1a StaticDependenciesID=ff6530832356c3c237c7215eed66dc8f 
Number of updated asset objects reloaded before import = 0Number of asset objects unloaded after import = 1

========================================================================
Received Import Request.
  Time since last request: 0.000126 seconds.
  path: Assets/Polytope Studio/Lowpoly_Village/Sources
  importAddress: Guid(db696abb7e2d76c409c7c5cdb95101a0) Importer(2089858483,b0f066a214c2f5e87bad3c948f4d605d)
Start importing Assets/Polytope Studio/Lowpoly_Village/Sources using Guid(db696abb7e2d76c409c7c5cdb95101a0) Importer(2089858483,b0f066a214c2f5e87bad3c948f4d605d) (ScriptedImporter) -> (Import Result ID: 'edd287940a9cfa9505d235bb9cd53de5') in 0.0179139 seconds [static and dynamic dependencies]. Details - ImportResultOutputID=578ebb48ace56291e9fe19dac9bbcd8c DependenciesID=8e08f51b05412f4a3cf7bd35f00d461a StaticDependenciesID=b051542e325c81a32afe8e7add5a066e 
Number of updated asset objects reloaded before import = 0Number of asset objects unloaded after import = 1

========================================================================
Received Import Request.
  Time since last request: 0.000034 seconds.
  path: Assets/Polytope Studio/Lowpoly_Environments/Sources/Meshes/Mushrooms/PT_Caesars_Mushroom_01.fbx
  importAddress: Guid(2ec966d90911a454c9760fa28789a4f8) Importer(2089858483,b0f066a214c2f5e87bad3c948f4d605d)
Start importing Assets/Polytope Studio/Lowpoly_Environments/Sources/Meshes/Mushrooms/PT_Caesars_Mushroom_01.fbx using Guid(2ec966d90911a454c9760fa28789a4f8) Importer(2089858483,b0f066a214c2f5e87bad3c948f4d605d) (ScriptedImporter)MaterialLocation.External is obsolete. External Material Location is no longer supported. (Assets/Polytope Studio/Lowpoly_Environments/Sources/Meshes/Mushrooms/PT_Caesars_Mushroom_01.fbx)
 -> (Import Result ID: 'c6f50bab009ef593f2aab1ac49f3c5f4') in 0.0727973 seconds [static and dynamic dependencies]. Details - ImportResultOutputID=4dd77d47ea798d023f15db3d75447077 DependenciesID=e853014f5d59ce4a4803c7e86728cbb0 StaticDependenciesID=1f0e9b7a693a1f8c29a830f3296104f2 
Number of updated asset objects reloaded before import = 0Number of asset objects unloaded after import = 8

========================================================================
Received Import Request.
  Time since last request: 0.000028 seconds.
  path: Assets/Scripts/NetworkingSimulation.Runtime.asmdef
  importAddress: Guid(8b9a23c4e5d64d7f8a9b0c1d2e3f4a5b) Importer(2089858483,b0f066a214c2f5e87bad3c948f4d605d)
Start importing Assets/Scripts/NetworkingSimulation.Runtime.asmdef using Guid(8b9a23c4e5d64d7f8a9b0c1d2e3f4a5b) Importer(2089858483,b0f066a214c2f5e87bad3c948f4d605d) (ScriptedImporter) -> (Import Result ID: '1facf92c7bee0c2363d9b352efea2e8e') in 0.0220065 seconds [static and dynamic dependencies]. Details - ImportResultOutputID=d10c8123fc8c358cf201a1a54d232cde DependenciesID=608c0e32e9f61ff758d0c4aba554b4f6 StaticDependenciesID=78b0973b2cab15c28594677f84ba6b46 
Number of updated asset objects reloaded before import = 0Number of asset objects unloaded after import = 1

========================================================================
Received Import Request.
  Time since last request: 0.000041 seconds.
  path: Assets/Polytope Studio/Lowpoly_Environments/Sources/Materials/PT_Generic_Tree_Trunk_mat.mat
  importAddress: Guid(e6ce4253a748b0849a04b87f33cc539d) Importer(2089858483,b0f066a214c2f5e87bad3c948f4d605d)
Start importing Assets/Polytope Studio/Lowpoly_Environments/Sources/Materials/PT_Generic_Tree_Trunk_mat.mat using Guid(e6ce4253a748b0849a04b87f33cc539d) Importer(2089858483,b0f066a214c2f5e87bad3c948f4d605d) (ScriptedImporter) -> (Import Result ID: 'aff3e0f78b51289eb96f2cf0e4b4b71c') in 0.1318502 seconds [static and dynamic dependencies]. Details - ImportResultOutputID=374984822a6b3d8d9d026fd670ae0f5e DependenciesID=ac1a26d98a14af89fcc038a3704a7d60 StaticDependenciesID=66e3ee73cff2efa0256e89e0540115a4 
Number of updated asset objects reloaded before import = 0Number of asset objects unloaded after import = 2

========================================================================
Received Import Request.
  Time since last request: 0.000090 seconds.
  path: Assets/Polytope Studio/Lowpoly_Environments/Prefabs/Rocks/PT_Ore_Rock_01.prefab
  importAddress: Guid(3dd97330b2ebd884e9f796894e026064) Importer(2089858483,b0f066a214c2f5e87bad3c948f4d605d)
Start importing Assets/Polytope Studio/Lowpoly_Environments/Prefabs/Rocks/PT_Ore_Rock_01.prefab using Guid(3dd97330b2ebd884e9f796894e026064) Importer(2089858483,b0f066a214c2f5e87bad3c948f4d605d) (ScriptedImporter) -> (Import Result ID: '5578d0d8529fb5759bafb8a6915d08dc') in 0.0290042 seconds [static and dynamic dependencies]. Details - ImportResultOutputID=65fb00bf7435ef25cfd795e7390144e4 DependenciesID=56e5e09e355cb36ddfd5e56c7fc07d13 StaticDependenciesID=625f0eed0aa3d4df197e4bb53e44df93 
Number of updated asset objects reloaded before import = 0Number of asset objects unloaded after import = 20

========================================================================
Received Import Request.
  Time since last request: 0.000035 seconds.
  path: Assets/Materials/Textures/Kenney Prototype Textures/PNG/Purple/texture_11.png
  importAddress: Guid(a6ee6212f0f889143b77cc1858da6e89) Importer(2089858483,b0f066a214c2f5e87bad3c948f4d605d)
Start importing Assets/Materials/Textures/Kenney Prototype Textures/PNG/Purple/texture_11.png using Guid(a6ee6212f0f889143b77cc1858da6e89) Importer(2089858483,b0f066a214c2f5e87bad3c948f4d605d) (ScriptedImporter) -> (Import Result ID: '257e0224c8c4a8ab785f83a3a869a118') in 0.0283744 seconds [static and dynamic dependencies]. Details - ImportResultOutputID=50e692506cdc706333a90dd3ea7cfa7f DependenciesID=b9e7dd5c3e1593270dc6018fc614e10c StaticDependenciesID=50f7e01896186b84bfd7a099e15fb07a 
Number of updated asset objects reloaded before import = 0Number of asset objects unloaded after import = 1

========================================================================
Received Import Request.
  Time since last request: 0.000030 seconds.
  path: Assets/Materials/Textures/Kenney Prototype Textures/PNG/Red/texture_08.png
  importAddress: Guid(e31248cc7a14abb4480383b69562f432) Importer(2089858483,b0f066a214c2f5e87bad3c948f4d605d)
Start importing Assets/Materials/Textures/Kenney Prototype Textures/PNG/Red/texture_08.png using Guid(e31248cc7a14abb4480383b69562f432) Importer(2089858483,b0f066a214c2f5e87bad3c948f4d605d) (ScriptedImporter) -> (Import Result ID: 'd9568e75831d00555c6ce4ab05db47fd') in 0.0272398 seconds [static and dynamic dependencies]. Details - ImportResultOutputID=e7bdc5a4d9e297fafda7adbb2654aa9e DependenciesID=ea6565cf5b08791bf28556b36cb11086 StaticDependenciesID=28ba09463b869bac6c117ed2015b2f83 
Number of updated asset objects reloaded before import = 0Number of asset objects unloaded after import = 1

========================================================================
Received Import Request.
  Time since last request: 0.000039 seconds.
  path: Assets/Polytope Studio/Welcome_Screen/Editor/Textures/game1.png
  importAddress: Guid(c01efabcc3dd1d24c8086afb3b996ad4) Importer(2089858483,b0f066a214c2f5e87bad3c948f4d605d)
Start importing Assets/Polytope Studio/Welcome_Screen/Editor/Textures/game1.png using Guid(c01efabcc3dd1d24c8086afb3b996ad4) Importer(2089858483,b0f066a214c2f5e87bad3c948f4d605d) (ScriptedImporter) -> (Import Result ID: '1fd291f3f45c98c8ace63749e1b8644b') in 0.0237749 seconds [static and dynamic dependencies]. Details - ImportResultOutputID=080fc4f441f545c857712888f85bcea7 DependenciesID=0a8daaa32390e05f67167e0418de5902 StaticDependenciesID=5caa501b3bf5552bd041f9465ae03882 
Number of updated asset objects reloaded before import = 0Number of asset objects unloaded after import = 1

========================================================================
Received Import Request.
  Time since last request: 0.000041 seconds.
  path: Assets/Polytope Studio/Lowpoly_Environments/Sources/Materials/PT_Skybox_mat.mat
  importAddress: Guid(59573b088aaea0442bf29e0a0e9d1339) Importer(2089858483,b0f066a214c2f5e87bad3c948f4d605d)
Start importing Assets/Polytope Studio/Lowpoly_Environments/Sources/Materials/PT_Skybox_mat.mat using Guid(59573b088aaea0442bf29e0a0e9d1339) Importer(2089858483,b0f066a214c2f5e87bad3c948f4d605d) (ScriptedImporter) -> (Import Result ID: '93e06d3be18d9315efef195929267607') in 0.0395818 seconds [static and dynamic dependencies]. Details - ImportResultOutputID=cb27445a6ef1476f6ddff42a46b91e55 DependenciesID=1ae17e9f72fbb4134009a9a37d74e0a7 StaticDependenciesID=9ca6242fdb7e7fd4a17845bc9f2a89c5 
Number of updated asset objects reloaded before import = 0Number of asset objects unloaded after import = 2

========================================================================
Received Import Request.
  Time since last request: 0.000052 seconds.
  path: Assets/Scripts/Core/Levels
  importAddress: Guid(604a2b3c180647e5a41cd1fecb0ebce8) Importer(2089858483,b0f066a214c2f5e87bad3c948f4d605d)
Start importing Assets/Scripts/Core/Levels using Guid(604a2b3c180647e5a41cd1fecb0ebce8) Importer(2089858483,b0f066a214c2f5e87bad3c948f4d605d) (ScriptedImporter) -> (Import Result ID: '59ae453478883a595c87f85a1c2f1c8c') in 0.0173012 seconds [static and dynamic dependencies]. Details - ImportResultOutputID=9ea9996e6d67eef819c7e493f8267909 DependenciesID=b160118b0fb693063c97ad72c94cdc1b StaticDependenciesID=fbf039404cd01894119838c05f437964 
Number of updated asset objects reloaded before import = 0Number of asset objects unloaded after import = 1

========================================================================
Received Import Request.
  Time since last request: 0.000030 seconds.
  path: Assets/Polytope Studio/Lowpoly_Demos/Environment_Free
  importAddress: Guid(5c2928345bc8a9f4793d01e4fcd0b64d) Importer(2089858483,b0f066a214c2f5e87bad3c948f4d605d)
Start importing Assets/Polytope Studio/Lowpoly_Demos/Environment_Free using Guid(5c2928345bc8a9f4793d01e4fcd0b64d) Importer(2089858483,b0f066a214c2f5e87bad3c948f4d605d) (ScriptedImporter) -> (Import Result ID: '5fb77352fac7fdd5880791a8e0d127bb') in 0.019805 seconds [static and dynamic dependencies]. Details - ImportResultOutputID=cd9f490c11ed6d76a1c6d256c9c42459 DependenciesID=2e9a364473ef09d73d32f5c4a822a1c4 StaticDependenciesID=92b5dca89c9243b8477daca19a32bb90 
Number of updated asset objects reloaded before import = 0Number of asset objects unloaded after import = 1

========================================================================
Received Import Request.
  Time since last request: 0.000031 seconds.
  path: Assets/Polytope Studio/Lowpoly_Environments/Sources/Textures/PT_Water_NM_01.png
  importAddress: Guid(a78adb8868cccbe4a92d9d81db916e6e) Importer(2089858483,b0f066a214c2f5e87bad3c948f4d605d)
Start importing Assets/Polytope Studio/Lowpoly_Environments/Sources/Textures/PT_Water_NM_01.png using Guid(a78adb8868cccbe4a92d9d81db916e6e) Importer(2089858483,b0f066a214c2f5e87bad3c948f4d605d) (ScriptedImporter) -> (Import Result ID: '6b49f5da288d0dab06d9b9a9d25187fe') in 0.0237382 seconds [static and dynamic dependencies]. Details - ImportResultOutputID=627a191381cfa52c03053168be1c663b DependenciesID=d9f69fbbb6d0c8d15ec2085c21705b20 StaticDependenciesID=4749132a5c297f703edca38d9bbdfc38 
Number of updated asset objects reloaded before import = 0Number of asset objects unloaded after import = 1

========================================================================
Received Import Request.
  Time since last request: 0.000041 seconds.
  path: Assets/Polytope Studio/Lowpoly_Environments/Sources/Shaders/PT_Vegetation_Foliage_Shader.shader
  importAddress: Guid(77e1a76a38ecd5a46a270afb12894dd5) Importer(2089858483,b0f066a214c2f5e87bad3c948f4d605d)
Start importing Assets/Polytope Studio/Lowpoly_Environments/Sources/Shaders/PT_Vegetation_Foliage_Shader.shader using Guid(77e1a76a38ecd5a46a270afb12894dd5) Importer(2089858483,b0f066a214c2f5e87bad3c948f4d605d) (ScriptedImporter) -> (Import Result ID: '4b9f2d521f0decc4086cd30c3cd3c42b') in 0.0299424 seconds [static and dynamic dependencies]. Details - ImportResultOutputID=a263b728b34438e79155c47ce5f7fa90 DependenciesID=4aa5a122064cc293cfef4c670e5a308a StaticDependenciesID=8f87bfdf0fe5af7310ba796765029eab 
Number of updated asset objects reloaded before import = 0Number of asset objects unloaded after import = 1

========================================================================
Received Import Request.
  Time since last request: 0.000029 seconds.
  path: Assets/Polytope Studio/Lowpoly_Environments/Sources/Textures/PT_Generic_Tree_Leaves_01.png
  importAddress: Guid(f2ee3ef6a109f0f4b8bfd6f7c1e310f4) Importer(2089858483,b0f066a214c2f5e87bad3c948f4d605d)
Start importing Assets/Polytope Studio/Lowpoly_Environments/Sources/Textures/PT_Generic_Tree_Leaves_01.png using Guid(f2ee3ef6a109f0f4b8bfd6f7c1e310f4) Importer(2089858483,b0f066a214c2f5e87bad3c948f4d605d) (ScriptedImporter) -> (Import Result ID: '2e3415a370b769b9af743a4f8927149f') in 0.0294501 seconds [static and dynamic dependencies]. Details - ImportResultOutputID=993d43df775516edfd3011cb3c57f2ad DependenciesID=92be954e8cb106fe562b39114b6112a9 StaticDependenciesID=7cf2a5b33a5caec6aba1b04616de4c77 
Number of updated asset objects reloaded before import = 0Number of asset objects unloaded after import = 1

========================================================================
Received Import Request.
  Time since last request: 0.000066 seconds.
  path: Assets/Polytope Studio/Lowpoly_Village/Sources/Textures/PT_Medieval_Buildings_Texture_Mask_01.png
  importAddress: Guid(c91055552562c3941a1c318e8d5bc5c5) Importer(2089858483,b0f066a214c2f5e87bad3c948f4d605d)
Start importing Assets/Polytope Studio/Lowpoly_Village/Sources/Textures/PT_Medieval_Buildings_Texture_Mask_01.png using Guid(c91055552562c3941a1c318e8d5bc5c5) Importer(2089858483,b0f066a214c2f5e87bad3c948f4d605d) (ScriptedImporter) -> (Import Result ID: '295b1d86acd11a6d795a17f30b9aa229') in 0.0243186 seconds [static and dynamic dependencies]. Details - ImportResultOutputID=633641d6c72ca798ff8cf6aceb70c635 DependenciesID=b45ff5cc410603de0e8b6442f7bde093 StaticDependenciesID=24eddf11af2617b0f6c65306334b9698 
Number of updated asset objects reloaded before import = 0Number of asset objects unloaded after import = 1

========================================================================
Received Import Request.
  Time since last request: 0.000032 seconds.
  path: Assets/Polytope Studio/Lowpoly_Environments/Prefabs/Trees/PT_Fruit_Tree_01_pears.prefab
  importAddress: Guid(b62637568d07eb141b948ab45ea8c3d4) Importer(2089858483,b0f066a214c2f5e87bad3c948f4d605d)
Start importing Assets/Polytope Studio/Lowpoly_Environments/Prefabs/Trees/PT_Fruit_Tree_01_pears.prefab using Guid(b62637568d07eb141b948ab45ea8c3d4) Importer(2089858483,b0f066a214c2f5e87bad3c948f4d605d) (ScriptedImporter) -> (Import Result ID: '5c87513e4b4c7a04c5d8ba41630974eb') in 0.0229687 seconds [static and dynamic dependencies]. Details - ImportResultOutputID=302b31acc130f2cd6033895217102298 DependenciesID=44cfd3b4e070dbe2a29056dea7faeb77 StaticDependenciesID=df38048c907452ab2290f1942bbfc7aa 
Number of updated asset objects reloaded before import = 0Number of asset objects unloaded after import = 20

========================================================================
Received Import Request.
  Time since last request: 0.000051 seconds.
  path: Assets/Polytope Studio/Lowpoly_Environments/Sources/Meshes/Flowers/PT_Poppy_02.fbx
  importAddress: Guid(5c7de3ea78afce6468d2ebe76dd0bf6d) Importer(2089858483,b0f066a214c2f5e87bad3c948f4d605d)
Start importing Assets/Polytope Studio/Lowpoly_Environments/Sources/Meshes/Flowers/PT_Poppy_02.fbx using Guid(5c7de3ea78afce6468d2ebe76dd0bf6d) Importer(2089858483,b0f066a214c2f5e87bad3c948f4d605d) (ScriptedImporter)MaterialLocation.External is obsolete. External Material Location is no longer supported. (Assets/Polytope Studio/Lowpoly_Environments/Sources/Meshes/Flowers/PT_Poppy_02.fbx)
 -> (Import Result ID: '12f67485313d66909613c970e134d38d') in 0.0272592 seconds [static and dynamic dependencies]. Details - ImportResultOutputID=69885565ccf6d8a37c1cd2341cc95f40 DependenciesID=946c033ab3e40023ae6ba516ca3644f4 StaticDependenciesID=1d7bf1ea3a1c35a0f78e279f27e6e988 
Number of updated asset objects reloaded before import = 0Number of asset objects unloaded after import = 20

========================================================================
Received Import Request.
  Time since last request: 0.000031 seconds.
  path: Assets/Polytope Studio/Lowpoly_Demos/Environment_Free/Helpers/Terrain/TerrainData_d3c37e8d-6092-48f4-b81e-93b97326e4d2.asset
  importAddress: Guid(dbe8ee5abb1344a4e8a8b80348f13db8) Importer(2089858483,b0f066a214c2f5e87bad3c948f4d605d)
Start importing Assets/Polytope Studio/Lowpoly_Demos/Environment_Free/Helpers/Terrain/TerrainData_d3c37e8d-6092-48f4-b81e-93b97326e4d2.asset using Guid(dbe8ee5abb1344a4e8a8b80348f13db8) Importer(2089858483,b0f066a214c2f5e87bad3c948f4d605d) (ScriptedImporter) -> (Import Result ID: '3ea820abf15a0eef5fec25ad585dbe5c') in 0.0488414 seconds [static and dynamic dependencies]. Details - ImportResultOutputID=b807de51ee34b8d6bcb9b49351617c39 DependenciesID=4f8a103385d6e2965246a4576ad5391c StaticDependenciesID=180c23ba572d0fa100362640bf4954aa 
Number of updated asset objects reloaded before import = 0Number of asset objects unloaded after import = 92

========================================================================
Received Import Request.
  Time since last request: 0.000059 seconds.
  path: Assets/Materials/Textures/Kenney Prototype Textures/Vector/texture_09.swf
  importAddress: Guid(1127c77e725a1094981a2fcafb312c65) Importer(2089858483,b0f066a214c2f5e87bad3c948f4d605d)
Start importing Assets/Materials/Textures/Kenney Prototype Textures/Vector/texture_09.swf using Guid(1127c77e725a1094981a2fcafb312c65) Importer(2089858483,b0f066a214c2f5e87bad3c948f4d605d) (ScriptedImporter) -> (Import Result ID: 'e7d307686d3ed406ad7b5edd4f918a5b') in 0.0166628 seconds [static and dynamic dependencies]. Details - ImportResultOutputID=a7d3973fab1083ed9fbccf0377431519 DependenciesID=3c44882770d04343c30caed022e2608b StaticDependenciesID=a450cad340f60ebdb4aa6e0ea5e7bfc9 
Number of updated asset objects reloaded before import = 0Number of asset objects unloaded after import = 1

========================================================================
Received Import Request.
  Time since last request: 0.000049 seconds.
  path: Assets/Materials/Textures/Kenney Prototype Textures/PNG/Red/texture_09.png
  importAddress: Guid(bcdb5cb069045984fb640aa0cc297579) Importer(2089858483,b0f066a214c2f5e87bad3c948f4d605d)
Start importing Assets/Materials/Textures/Kenney Prototype Textures/PNG/Red/texture_09.png using Guid(bcdb5cb069045984fb640aa0cc297579) Importer(2089858483,b0f066a214c2f5e87bad3c948f4d605d) (ScriptedImporter) -> (Import Result ID: 'c379fa0a9344b0c6597ae191a9e7a71c') in 0.0300675 seconds [static and dynamic dependencies]. Details - ImportResultOutputID=a481f715ca31d433fbad59270eba91c8 DependenciesID=8902652ba1ac3f138c71ec86e24fdf52 StaticDependenciesID=6ab3e879cd9346e0a3851a088c30e699 
Number of updated asset objects reloaded before import = 0Number of asset objects unloaded after import = 1

========================================================================
Received Import Request.
  Time since last request: 0.000049 seconds.
  path: Assets/Materials/Textures
  importAddress: Guid(86225c149eb5a2c49b4e58d60c80816d) Importer(2089858483,b0f066a214c2f5e87bad3c948f4d605d)
Start importing Assets/Materials/Textures using Guid(86225c149eb5a2c49b4e58d60c80816d) Importer(2089858483,b0f066a214c2f5e87bad3c948f4d605d) (ScriptedImporter) -> (Import Result ID: 'edd7e9109c64cbf797e43fd951d07cf9') in 0.0183819 seconds [static and dynamic dependencies]. Details - ImportResultOutputID=f71837c4260f65cda0a377306b87daeb DependenciesID=e24b140adaf19a04f1620c3414138d36 StaticDependenciesID=a8d9981917a81cdd160a29b6e5717d9c 
Number of updated asset objects reloaded before import = 0Number of asset objects unloaded after import = 1

========================================================================
Received Import Request.
  Time since last request: 0.000061 seconds.
  path: Assets/Polytope Studio/Lowpoly_Environments/Sources/Shaders/PT_Rock_Shader.shader
  importAddress: Guid(cd18bd550ff6630468660d0150eed511) Importer(2089858483,b0f066a214c2f5e87bad3c948f4d605d)
Start importing Assets/Polytope Studio/Lowpoly_Environments/Sources/Shaders/PT_Rock_Shader.shader using Guid(cd18bd550ff6630468660d0150eed511) Importer(2089858483,b0f066a214c2f5e87bad3c948f4d605d) (ScriptedImporter) -> (Import Result ID: 'db8e7046ea33e606d9d44d5a16e6cdcf') in 0.018757 seconds [static and dynamic dependencies]. Details - ImportResultOutputID=d2ef6af69e49f3ecf1d2f8a05fc38360 DependenciesID=747e8900969bf1f9f09e2490cd6e7272 StaticDependenciesID=f6c2e6a113a01bbc3d0c3f67602e48dd 
Number of updated asset objects reloaded before import = 0Number of asset objects unloaded after import = 1

========================================================================
Received Import Request.
  Time since last request: 0.000030 seconds.
  path: Assets/Polytope Studio/Lowpoly_Environments/Sources/Shaders/PT_Water_Shader.shader
  importAddress: Guid(39cf68574afc7f248bd78a99c3800e00) Importer(2089858483,b0f066a214c2f5e87bad3c948f4d605d)
Start importing Assets/Polytope Studio/Lowpoly_Environments/Sources/Shaders/PT_Water_Shader.shader using Guid(39cf68574afc7f248bd78a99c3800e00) Importer(2089858483,b0f066a214c2f5e87bad3c948f4d605d) (ScriptedImporter) -> (Import Result ID: '52b0c26639141c93223af487271bec54') in 0.02105 seconds [static and dynamic dependencies]. Details - ImportResultOutputID=f5baa1b7f2da6abe0df79ad447940285 DependenciesID=2246b575aed0cca8ccfca687c54e974e StaticDependenciesID=8529e99313f24766be8b7191fa3df1d9 
Number of updated asset objects reloaded before import = 0Number of asset objects unloaded after import = 1

========================================================================
Received Import Request.
  Time since last request: 0.000029 seconds.
  path: Assets/Polytope Studio/Welcome_Screen/Editor/Textures
  importAddress: Guid(7e2eff97b59cb8845ae00eafc9d66d45) Importer(2089858483,b0f066a214c2f5e87bad3c948f4d605d)
Start importing Assets/Polytope Studio/Welcome_Screen/Editor/Textures using Guid(7e2eff97b59cb8845ae00eafc9d66d45) Importer(2089858483,b0f066a214c2f5e87bad3c948f4d605d) (ScriptedImporter) -> (Import Result ID: 'd278b41dde0dad15918835b1609f65a6') in 0.0173533 seconds [static and dynamic dependencies]. Details - ImportResultOutputID=603edbe6ccad6f34931a40ef7792d106 DependenciesID=0a3cae736d4d103f0040274647f43d02 StaticDependenciesID=b4875d5a13a76cc5108a3284279ece8d 
Number of updated asset objects reloaded before import = 0Number of asset objects unloaded after import = 1

========================================================================
Received Import Request.
  Time since last request: 0.000032 seconds.
  path: Assets/Materials/Textures/Kenney Prototype Textures/PNG/Purple/texture_09.png
  importAddress: Guid(32e3a8044839f5d4898eadb34d759c88) Importer(2089858483,b0f066a214c2f5e87bad3c948f4d605d)
Start importing Assets/Materials/Textures/Kenney Prototype Textures/PNG/Purple/texture_09.png using Guid(32e3a8044839f5d4898eadb34d759c88) Importer(2089858483,b0f066a214c2f5e87bad3c948f4d605d) (ScriptedImporter) -> (Import Result ID: '1344e8990cfb3f30423023277ef89a28') in 0.0270729 seconds [static and dynamic dependencies]. Details - ImportResultOutputID=726ab865e478083d43b79abb0f97ef95 DependenciesID=1f8ba4ffebd94c513c2f3605a017a6a1 StaticDependenciesID=43c0e27d0ad4047f8aef787405d078fe 
Number of updated asset objects reloaded before import = 0Number of asset objects unloaded after import = 1

========================================================================
Received Import Request.
  Time since last request: 0.000044 seconds.
  path: Assets/Polytope Studio/Lowpoly_Environments/URP/PT_Nature_Free_URP_16.unitypackage
  importAddress: Guid(ac56f8aebac30674489c8b5741b0489a) Importer(2089858483,b0f066a214c2f5e87bad3c948f4d605d)
Start importing Assets/Polytope Studio/Lowpoly_Environments/URP/PT_Nature_Free_URP_16.unitypackage using Guid(ac56f8aebac30674489c8b5741b0489a) Importer(2089858483,b0f066a214c2f5e87bad3c948f4d605d) (ScriptedImporter) -> (Import Result ID: '8916a6d48d05aa70105c0d3e398b98c9') in 0.018257 seconds [static and dynamic dependencies]. Details - ImportResultOutputID=44c886cd46a32a19549c9c755fdda76b DependenciesID=d24b6a31f57411c7a6ddc53de4ca8cd0 StaticDependenciesID=00047bd0cb74c15a62c5288c66e92ba7 
Number of updated asset objects reloaded before import = 0Number of asset objects unloaded after import = 1

========================================================================
Received Import Request.
  Time since last request: 0.000033 seconds.
  path: Assets/Polytope Studio/Lowpoly_Environments/Prefabs/Flowers
  importAddress: Guid(1090dcf46ca02864fb89494b948e45c7) Importer(2089858483,b0f066a214c2f5e87bad3c948f4d605d)
Start importing Assets/Polytope Studio/Lowpoly_Environments/Prefabs/Flowers using Guid(1090dcf46ca02864fb89494b948e45c7) Importer(2089858483,b0f066a214c2f5e87bad3c948f4d605d) (ScriptedImporter) -> (Import Result ID: '6dcaa489481d85ba2e5203bfaf881e86') in 0.0171646 seconds [static and dynamic dependencies]. Details - ImportResultOutputID=0f9e9f81e1e3a51a46347bbd3846e4f6 DependenciesID=6860b229bfca22b243af95233716b54e StaticDependenciesID=fe8966e9709ca45abf5bac6bed62b100 
Number of updated asset objects reloaded before import = 0Number of asset objects unloaded after import = 1

========================================================================
Received Import Request.
  Time since last request: 0.000028 seconds.
  path: Assets/Polytope Studio/Lowpoly_Demos/Environment_Free/Helpers/PT_MouseLook.cs
  importAddress: Guid(51763bafdae3792488a76927e0169d7a) Importer(2089858483,b0f066a214c2f5e87bad3c948f4d605d)
Start importing Assets/Polytope Studio/Lowpoly_Demos/Environment_Free/Helpers/PT_MouseLook.cs using Guid(51763bafdae3792488a76927e0169d7a) Importer(2089858483,b0f066a214c2f5e87bad3c948f4d605d) (ScriptedImporter) -> (Import Result ID: '2e70eb3250c28c6640202a9b1c5bf922') in 0.0148465 seconds [static and dynamic dependencies]. Details - ImportResultOutputID=c6f6b6515ef4dc2faa3f7638f63439a4 DependenciesID=eb595d148fe70d7388fb2225b4a4f758 StaticDependenciesID=ce6ff34f1b5d016ae23cdc9ac3065dcc 
Number of updated asset objects reloaded before import = 0Number of asset objects unloaded after import = 0

========================================================================
Received Import Request.
  Time since last request: 0.000044 seconds.
  path: Assets/Polytope Studio/Lowpoly_Environments/Prefabs/Trees/PT_Fruit_Tree_01_dead_cut.prefab
  importAddress: Guid(66d0615cc71cd48408b75ff3f99c97af) Importer(2089858483,b0f066a214c2f5e87bad3c948f4d605d)
Start importing Assets/Polytope Studio/Lowpoly_Environments/Prefabs/Trees/PT_Fruit_Tree_01_dead_cut.prefab using Guid(66d0615cc71cd48408b75ff3f99c97af) Importer(2089858483,b0f066a214c2f5e87bad3c948f4d605d) (ScriptedImporter) -> (Import Result ID: '7e3c50129b13bbb2af8aa1dc52243431') in 0.0230813 seconds [static and dynamic dependencies]. Details - ImportResultOutputID=bee4a4afcd2efbfc23ddc8f3b2dd3384 DependenciesID=97cd51206634d8671bda958dd85d6ff9 StaticDependenciesID=1605fce919b97bd9679c3db87dddcded 
Number of updated asset objects reloaded before import = 0Number of asset objects unloaded after import = 8

========================================================================
Received Import Request.
  Time since last request: 0.000054 seconds.
  path: Assets/Polytope Studio/Lowpoly_Demos/Environment_Free/Helpers/Terrain/TerrainData_ff4b5190-b520-4d46-b960-ee1d0967df26.asset
  importAddress: Guid(3349f3f4495a62f40895e095545b535e) Importer(2089858483,b0f066a214c2f5e87bad3c948f4d605d)
Start importing Assets/Polytope Studio/Lowpoly_Demos/Environment_Free/Helpers/Terrain/TerrainData_ff4b5190-b520-4d46-b960-ee1d0967df26.asset using Guid(3349f3f4495a62f40895e095545b535e) Importer(2089858483,b0f066a214c2f5e87bad3c948f4d605d) (ScriptedImporter)The tree PT_Fruit_Tree_01_logs must use the Nature/Soft Occlusion shader. Otherwise billboarding/lighting will not work correctly.
UnityEngine.Debug:ExtractStackTraceNoAlloc (byte*,int,string)
UnityEngine.StackTraceUtility:ExtractStackTrace ()
UnityEditor.AssetDatabase:LoadMainAssetAtPath (string)
UnityEditor.Search.AssetIndexer:IndexProperties (int&,string&,bool&)
UnityEditor.Search.AssetIndexer:IndexDocument (string,bool)
UnityEditor.Search.SearchIndexArtifactImporter:OnImportAsset (UnityEditor.AssetImporters.AssetImportContext)
UnityEditor.AssetImporters.ScriptedImporter:GenerateAssetData (UnityEditor.AssetImporters.AssetImportContext)

[C:\build\output\unity\unity\Modules\Terrain\Public\TreeDatabase.cpp line 355]

The tree PT_Caesars_Mushroom_01 must use the Nature/Soft Occlusion shader. Otherwise billboarding/lighting will not work correctly.
UnityEngine.Debug:ExtractStackTraceNoAlloc (byte*,int,string)
UnityEngine.StackTraceUtility:ExtractStackTrace ()
UnityEditor.AssetDatabase:LoadMainAssetAtPath (string)
UnityEditor.Search.AssetIndexer:IndexProperties (int&,string&,bool&)
UnityEditor.Search.AssetIndexer:IndexDocument (string,bool)
UnityEditor.Search.SearchIndexArtifactImporter:OnImportAsset (UnityEditor.AssetImporters.AssetImportContext)
UnityEditor.AssetImporters.ScriptedImporter:GenerateAssetData (UnityEditor.AssetImporters.AssetImportContext)

[C:\build\output\unity\unity\Modules\Terrain\Public\TreeDatabase.cpp line 355]

 -> (Import Result ID: '8918779ab0ca6ddfa4fb70613a741b6d') in 0.0703873 seconds [static and dynamic dependencies]. Details - ImportResultOutputID=5f29f5939ba323c3823dab0110e7c118 DependenciesID=7a6f5d81d6a636b9c8c9f03f0a088ed9 StaticDependenciesID=7eff9955f093559c9ab61fe904f254a0 
Number of updated asset objects reloaded before import = 0Number of asset objects unloaded after import = 169

========================================================================
Received Import Request.
  Time since last request: 0.000058 seconds.
  path: Assets/Polytope Studio/Lowpoly_Environments/Prefabs/Trees/PT_Fruit_Tree_01_plums.prefab
  importAddress: Guid(367ab66e2689a8345a8fb8fd14a4f90c) Importer(2089858483,b0f066a214c2f5e87bad3c948f4d605d)
Start importing Assets/Polytope Studio/Lowpoly_Environments/Prefabs/Trees/PT_Fruit_Tree_01_plums.prefab using Guid(367ab66e2689a8345a8fb8fd14a4f90c) Importer(2089858483,b0f066a214c2f5e87bad3c948f4d605d) (ScriptedImporter) -> (Import Result ID: 'e40b63d1290673e0ce3caede2e5ca553') in 0.0234402 seconds [static and dynamic dependencies]. Details - ImportResultOutputID=ce302bcb97fc9feca4dbd187ed7fba1e DependenciesID=698ea5744a143fbc6b14901e140e6ad6 StaticDependenciesID=e728de3b1ca3599ea2e1e49fdac7e400 
Number of updated asset objects reloaded before import = 0Number of asset objects unloaded after import = 20

========================================================================
Received Import Request.
  Time since last request: 0.000030 seconds.
  path: Assets/Materials/Textures/Kenney Prototype Textures/PNG/Purple/texture_12.png
  importAddress: Guid(6d8f6c3b388d40d4899e25ee3beeae18) Importer(2089858483,b0f066a214c2f5e87bad3c948f4d605d)
Start importing Assets/Materials/Textures/Kenney Prototype Textures/PNG/Purple/texture_12.png using Guid(6d8f6c3b388d40d4899e25ee3beeae18) Importer(2089858483,b0f066a214c2f5e87bad3c948f4d605d) (ScriptedImporter) -> (Import Result ID: '2108c9e4ead516d2320e26ec6a61970e') in 0.0234796 seconds [static and dynamic dependencies]. Details - ImportResultOutputID=710c3330cf2d25ba9ccac7f78dd629d5 DependenciesID=386489de75a6dce93ca90b6b03485e6c StaticDependenciesID=a42fd8a97dc902fe14243819a0b7babe 
Number of updated asset objects reloaded before import = 0Number of asset objects unloaded after import = 1

========================================================================
Received Import Request.
  Time since last request: 0.000032 seconds.
  path: Assets/Polytope Studio/Lowpoly_Environments/Sources/Textures/PT_Skybox_Texture_01.png
  importAddress: Guid(d8b9a114dc91e7d4e9885d54ca9d957f) Importer(2089858483,b0f066a214c2f5e87bad3c948f4d605d)
Start importing Assets/Polytope Studio/Lowpoly_Environments/Sources/Textures/PT_Skybox_Texture_01.png using Guid(d8b9a114dc91e7d4e9885d54ca9d957f) Importer(2089858483,b0f066a214c2f5e87bad3c948f4d605d) (ScriptedImporter) -> (Import Result ID: '0cb5d676e7f015d4e53f98f2e43d4e5c') in 0.0440168 seconds [static and dynamic dependencies]. Details - ImportResultOutputID=541638d1783c01c305d3fb4bc8dd6295 DependenciesID=1f9e9522113227d267e2c61c98b7123c StaticDependenciesID=f9845ad3c64865b70df5e5013ecae187 
Number of updated asset objects reloaded before import = 0Number of asset objects unloaded after import = 1

========================================================================
Received Import Request.
  Time since last request: 0.000063 seconds.
  path: Assets/Materials/Textures/Kenney Prototype Textures/PNG/Red/texture_07.png
  importAddress: Guid(2548de56ea2111249a1dda225f3f9425) Importer(2089858483,b0f066a214c2f5e87bad3c948f4d605d)
Start importing Assets/Materials/Textures/Kenney Prototype Textures/PNG/Red/texture_07.png using Guid(2548de56ea2111249a1dda225f3f9425) Importer(2089858483,b0f066a214c2f5e87bad3c948f4d605d) (ScriptedImporter) -> (Import Result ID: 'ebbf64c49fb0a9b9951335c79cad3404') in 0.0236839 seconds [static and dynamic dependencies]. Details - ImportResultOutputID=bbbacbaf8ec5eb61926c0041393c5225 DependenciesID=fe1837c6d3a2a600559cb74243791168 StaticDependenciesID=26a34d59cc36da9b204d2a3e43ec8380 
Number of updated asset objects reloaded before import = 0Number of asset objects unloaded after import = 1

========================================================================
Received Import Request.
  Time since last request: 0.000028 seconds.
  path: Assets/Polytope Studio/Lowpoly_Demos/Environment_Free/Helpers/PT_Grass_Mat 1.mat
  importAddress: Guid(8ce8268a24bfebc4ca972ae10f12aece) Importer(2089858483,b0f066a214c2f5e87bad3c948f4d605d)
Start importing Assets/Polytope Studio/Lowpoly_Demos/Environment_Free/Helpers/PT_Grass_Mat 1.mat using Guid(8ce8268a24bfebc4ca972ae10f12aece) Importer(2089858483,b0f066a214c2f5e87bad3c948f4d605d) (ScriptedImporter) -> (Import Result ID: '77f96706a01e63b9e3907fe1265c733a') in 0.1019838 seconds [static and dynamic dependencies]. Details - ImportResultOutputID=0f1710c052fb22fd597df2479069d491 DependenciesID=59dfd1edba40fcffcfaa78ee9a857d4b StaticDependenciesID=df6ae7938e845a4a9fcdfb4fab302e8e 
Number of updated asset objects reloaded before import = 0Number of asset objects unloaded after import = 3

========================================================================
Received Import Request.
  Time since last request: 0.000041 seconds.
  path: Assets/Polytope Studio/Lowpoly_Environments/Sources/Meshes/Trees/PT_Fruit_Tree_01_pears.fbx
  importAddress: Guid(ab5654911e4a8494190af9551d81ea81) Importer(2089858483,b0f066a214c2f5e87bad3c948f4d605d)
Start importing Assets/Polytope Studio/Lowpoly_Environments/Sources/Meshes/Trees/PT_Fruit_Tree_01_pears.fbx using Guid(ab5654911e4a8494190af9551d81ea81) Importer(2089858483,b0f066a214c2f5e87bad3c948f4d605d) (ScriptedImporter)MaterialLocation.External is obsolete. External Material Location is no longer supported. (Assets/Polytope Studio/Lowpoly_Environments/Sources/Meshes/Trees/PT_Fruit_Tree_01_pears.fbx)
 -> (Import Result ID: 'a9ca8cdb8f423cc609ec81e41a0c3774') in 0.0254812 seconds [static and dynamic dependencies]. Details - ImportResultOutputID=c906fa35df9f4607f23131039b525166 DependenciesID=2d27ff72a310a22cfac3cfdadf38cc8c StaticDependenciesID=bdf20cc1a4e3a94b68617855d9696bbd 
Number of updated asset objects reloaded before import = 0Number of asset objects unloaded after import = 20

========================================================================
Received Import Request.
  Time since last request: 0.000041 seconds.
  path: Assets/Polytope Studio/Lowpoly_Environments/Sources/Shaders/PT_Vegetation_Plants_Shader.shader
  importAddress: Guid(233be0623027421449b81f7423abaf79) Importer(2089858483,b0f066a214c2f5e87bad3c948f4d605d)
Start importing Assets/Polytope Studio/Lowpoly_Environments/Sources/Shaders/PT_Vegetation_Plants_Shader.shader using Guid(233be0623027421449b81f7423abaf79) Importer(2089858483,b0f066a214c2f5e87bad3c948f4d605d) (ScriptedImporter) -> (Import Result ID: '32f8d1ec75ce1aec3331b5b4d05732c3') in 0.0193255 seconds [static and dynamic dependencies]. Details - ImportResultOutputID=5861d0675d6cc697467d826212ad2cc5 DependenciesID=70dda46ec4a579e13b50153065292969 StaticDependenciesID=906b964d7dcbfbf829ecaea8a244fd80 
Number of updated asset objects reloaded before import = 0Number of asset objects unloaded after import = 1

========================================================================
Received Import Request.
  Time since last request: 0.000047 seconds.
  path: Assets/Polytope Studio/Lowpoly_Village/Prefabs/Modular/Bridge
  importAddress: Guid(f479e3fca277d3f43b3b0aaead6d1ed0) Importer(2089858483,b0f066a214c2f5e87bad3c948f4d605d)
Start importing Assets/Polytope Studio/Lowpoly_Village/Prefabs/Modular/Bridge using Guid(f479e3fca277d3f43b3b0aaead6d1ed0) Importer(2089858483,b0f066a214c2f5e87bad3c948f4d605d) (ScriptedImporter) -> (Import Result ID: 'dd30e63b9c6902f5df0dd9c26aa62ee9') in 0.0186044 seconds [static and dynamic dependencies]. Details - ImportResultOutputID=db9364f8d6f66c8dce72d6f16f0c668f DependenciesID=0c018a7b96ec4d59acb83ce4e007b00b StaticDependenciesID=dcf51b4bf9cb707e035a644a2860fece 
Number of updated asset objects reloaded before import = 0Number of asset objects unloaded after import = 1

========================================================================
Received Import Request.
  Time since last request: 0.000055 seconds.
  path: Assets/Materials/Textures/Kenney Prototype Textures/Vector/texture_10.swf
  importAddress: Guid(3f5e0c1c221cbc44596689b4a4ef29c4) Importer(2089858483,b0f066a214c2f5e87bad3c948f4d605d)
Start importing Assets/Materials/Textures/Kenney Prototype Textures/Vector/texture_10.swf using Guid(3f5e0c1c221cbc44596689b4a4ef29c4) Importer(2089858483,b0f066a214c2f5e87bad3c948f4d605d) (ScriptedImporter) -> (Import Result ID: '35991fb980c27c1b577f23a4ad523de1') in 0.0182003 seconds [static and dynamic dependencies]. Details - ImportResultOutputID=c20d5ad76c4df92a40bdf87428514e5d DependenciesID=83e2ecdf7aa3681751e1a7c155bb63f2 StaticDependenciesID=3d5dad1982f247551bfe56c80fcb04c7 
Number of updated asset objects reloaded before import = 0Number of asset objects unloaded after import = 1

========================================================================
Received Import Request.
  Time since last request: 0.000030 seconds.
  path: Assets/Polytope Studio/Lowpoly_Environments/Sources/Meshes/Shrubs/PT_Generic_Shrub_01_green.fbx
  importAddress: Guid(cc43ed905f6a9d24a86d3eb531265e85) Importer(2089858483,b0f066a214c2f5e87bad3c948f4d605d)
Start importing Assets/Polytope Studio/Lowpoly_Environments/Sources/Meshes/Shrubs/PT_Generic_Shrub_01_green.fbx using Guid(cc43ed905f6a9d24a86d3eb531265e85) Importer(2089858483,b0f066a214c2f5e87bad3c948f4d605d) (ScriptedImporter)MaterialLocation.External is obsolete. External Material Location is no longer supported. (Assets/Polytope Studio/Lowpoly_Environments/Sources/Meshes/Shrubs/PT_Generic_Shrub_01_green.fbx)
 -> (Import Result ID: 'e4cdd2708e53919cebf0349316c92e27') in 0.0321446 seconds [static and dynamic dependencies]. Details - ImportResultOutputID=dd54fd26d6f3903c34184aad8e3505d6 DependenciesID=054dfd9bf13d3b6cf15c24e7b3267812 StaticDependenciesID=72f8171760dd554b3cfabe979131a1b5 
Number of updated asset objects reloaded before import = 0Number of asset objects unloaded after import = 20

========================================================================
Received Import Request.
  Time since last request: 0.000052 seconds.
  path: Assets/Polytope Studio/Lowpoly_Environments/Prefabs/Rocks
  importAddress: Guid(c074246cbfde8eb4bb1b1203417f3bf2) Importer(2089858483,b0f066a214c2f5e87bad3c948f4d605d)
Start importing Assets/Polytope Studio/Lowpoly_Environments/Prefabs/Rocks using Guid(c074246cbfde8eb4bb1b1203417f3bf2) Importer(2089858483,b0f066a214c2f5e87bad3c948f4d605d) (ScriptedImporter) -> (Import Result ID: '68e44fe297a237eb00b3391e3c6e2716') in 0.0178042 seconds [static and dynamic dependencies]. Details - ImportResultOutputID=981529e956a54c25857e8a7eec82e7d8 DependenciesID=aa5a2e7b9cd4d49ebaffcf4613b86764 StaticDependenciesID=08590bd443055972a4185e86b7e9a1bc 
Number of updated asset objects reloaded before import = 0Number of asset objects unloaded after import = 1

========================================================================
Received Import Request.
  Time since last request: 0.000044 seconds.
  path: Assets/Polytope Studio/Welcome_Screen/Editor/Textures/game5.png
  importAddress: Guid(2133ab72c9db7a848a24f4062c21aa18) Importer(2089858483,b0f066a214c2f5e87bad3c948f4d605d)
Start importing Assets/Polytope Studio/Welcome_Screen/Editor/Textures/game5.png using Guid(2133ab72c9db7a848a24f4062c21aa18) Importer(2089858483,b0f066a214c2f5e87bad3c948f4d605d) (ScriptedImporter) -> (Import Result ID: '5481a46316510185306e3bb0760ad48a') in 0.0211042 seconds [static and dynamic dependencies]. Details - ImportResultOutputID=5ade0f0577fcddf8749851ac26e93de7 DependenciesID=30f8d39b65b2a6858985e8cccc542720 StaticDependenciesID=328ed440c25e1611d0b1f1bd6129d5b1 
Number of updated asset objects reloaded before import = 0Number of asset objects unloaded after import = 1

========================================================================
Received Import Request.
  Time since last request: 0.000034 seconds.
  path: Assets/Materials/Textures/Kenney Prototype Textures/PNG/Green/texture_02.png
  importAddress: Guid(f7bb277f1c7f6834aafe4e67f35f5bf3) Importer(2089858483,b0f066a214c2f5e87bad3c948f4d605d)
Start importing Assets/Materials/Textures/Kenney Prototype Textures/PNG/Green/texture_02.png using Guid(f7bb277f1c7f6834aafe4e67f35f5bf3) Importer(2089858483,b0f066a214c2f5e87bad3c948f4d605d) (ScriptedImporter) -> (Import Result ID: '920a2c53999b84d5a032669f3cf34cc6') in 0.0238476 seconds [static and dynamic dependencies]. Details - ImportResultOutputID=29370649d2c5043e8eed29f0fc2cbdf2 DependenciesID=cd80db9cfd7179b79e91d0fd2b5f3325 StaticDependenciesID=e787433edf708322e8ea6ade8f23a4bd 
Number of updated asset objects reloaded before import = 0Number of asset objects unloaded after import = 1

========================================================================
Received Import Request.
  Time since last request: 0.000033 seconds.
  path: Assets/Polytope Studio/Lowpoly_Environments/Prefabs/Rocks/PT_Menhir_Rock_02.prefab
  importAddress: Guid(0f3d14a9a6b2ceb469c15d151552a614) Importer(2089858483,b0f066a214c2f5e87bad3c948f4d605d)
Start importing Assets/Polytope Studio/Lowpoly_Environments/Prefabs/Rocks/PT_Menhir_Rock_02.prefab using Guid(0f3d14a9a6b2ceb469c15d151552a614) Importer(2089858483,b0f066a214c2f5e87bad3c948f4d605d) (ScriptedImporter) -> (Import Result ID: '1b3e6055f6660a2f2f6494360e720d86') in 0.0210713 seconds [static and dynamic dependencies]. Details - ImportResultOutputID=1afccd3013009010588d24773d34dca8 DependenciesID=02e4172216e6480cc162760a6bb5b108 StaticDependenciesID=f1f2ac2fa14f6d0358ae5a3038c3458e 
Number of updated asset objects reloaded before import = 0Number of asset objects unloaded after import = 20

========================================================================
Received Import Request.
  Time since last request: 0.000036 seconds.
  path: Assets/Tests/EditMode/NetworkingSimulation.EditModeTests.asmdef
  importAddress: Guid(4f3dc567c8d9496b9e76984138f8ff8f) Importer(2089858483,b0f066a214c2f5e87bad3c948f4d605d)
Start importing Assets/Tests/EditMode/NetworkingSimulation.EditModeTests.asmdef using Guid(4f3dc567c8d9496b9e76984138f8ff8f) Importer(2089858483,b0f066a214c2f5e87bad3c948f4d605d) (ScriptedImporter) -> (Import Result ID: 'f38aa93a41629650f159d149225e13a0') in 0.0171821 seconds [static and dynamic dependencies]. Details - ImportResultOutputID=2d08f53b999cc49c0702310235e72670 DependenciesID=119ee1b08a7e9108befed1cd56391e83 StaticDependenciesID=e7c0680818fd9bdaa7c6f07eea3731d1 
Number of updated asset objects reloaded before import = 0Number of asset objects unloaded after import = 1

========================================================================
Received Import Request.
  Time since last request: 0.000034 seconds.
  path: Assets/Polytope Studio/Lowpoly_Environments/Sources/Meshes/Trees/PT_Fruit_Tree_01_green.fbx
  importAddress: Guid(f222748f1796b2e49a56a2fbf7563247) Importer(2089858483,b0f066a214c2f5e87bad3c948f4d605d)
Start importing Assets/Polytope Studio/Lowpoly_Environments/Sources/Meshes/Trees/PT_Fruit_Tree_01_green.fbx using Guid(f222748f1796b2e49a56a2fbf7563247) Importer(2089858483,b0f066a214c2f5e87bad3c948f4d605d) (ScriptedImporter)MaterialLocation.External is obsolete. External Material Location is no longer supported. (Assets/Polytope Studio/Lowpoly_Environments/Sources/Meshes/Trees/PT_Fruit_Tree_01_green.fbx)
 -> (Import Result ID: '13338186eb16503fbd87de1174360f1b') in 0.0280833 seconds [static and dynamic dependencies]. Details - ImportResultOutputID=28ab4e16f1b040e8e09712b5ac616eb6 DependenciesID=0ae8fe534de62fdd3dea85efa0131d63 StaticDependenciesID=d6df9c8715abfc3d63e049f192efe00b 
Number of updated asset objects reloaded before import = 0Number of asset objects unloaded after import = 20

========================================================================
Received Import Request.
  Time since last request: 0.000037 seconds.
  path: Assets/Materials/Textures/Kenney Prototype Textures/PNG/Orange/texture_01.png
  importAddress: Guid(e2dc235c3b2ea734a94a53784e6dcc8b) Importer(2089858483,b0f066a214c2f5e87bad3c948f4d605d)
Start importing Assets/Materials/Textures/Kenney Prototype Textures/PNG/Orange/texture_01.png using Guid(e2dc235c3b2ea734a94a53784e6dcc8b) Importer(2089858483,b0f066a214c2f5e87bad3c948f4d605d) (ScriptedImporter) -> (Import Result ID: '9f8d0f1ad95fc8554e5111ba5a3eb230') in 0.0245142 seconds [static and dynamic dependencies]. Details - ImportResultOutputID=4f73703b1d389bdfcd6b2982aa06fe3d DependenciesID=c851881df165ebe20a08991cf8048ff3 StaticDependenciesID=394b501f85fa58300204ac18981569ce 
Number of updated asset objects reloaded before import = 0Number of asset objects unloaded after import = 1

========================================================================
Received Import Request.
  Time since last request: 0.000027 seconds.
  path: Assets/Polytope Studio/Welcome_Screen/Editor
  importAddress: Guid(83479e57b987f8244994f67684484983) Importer(2089858483,b0f066a214c2f5e87bad3c948f4d605d)
Start importing Assets/Polytope Studio/Welcome_Screen/Editor using Guid(83479e57b987f8244994f67684484983) Importer(2089858483,b0f066a214c2f5e87bad3c948f4d605d) (ScriptedImporter) -> (Import Result ID: 'c7dedf71fbb9d154514f3ffbe4c4fbc5') in 0.0183528 seconds [static and dynamic dependencies]. Details - ImportResultOutputID=b23420b062c01785f6623e653b586b8c DependenciesID=1683b2b5f473869a93f131161df9f0fe StaticDependenciesID=2e0f7fbe2ed037ee8f6175aa01b1255c 
Number of updated asset objects reloaded before import = 0Number of asset objects unloaded after import = 1

========================================================================
Received Import Request.
  Time since last request: 0.000025 seconds.
  path: Assets/Polytope Studio/Lowpoly_Environments/Sources/Meshes/Trees/PT_Pine_Tree_03_logs.fbx
  importAddress: Guid(e9a01d2a3de15954eb2cccf4df7f3d5b) Importer(2089858483,b0f066a214c2f5e87bad3c948f4d605d)
Start importing Assets/Polytope Studio/Lowpoly_Environments/Sources/Meshes/Trees/PT_Pine_Tree_03_logs.fbx using Guid(e9a01d2a3de15954eb2cccf4df7f3d5b) Importer(2089858483,b0f066a214c2f5e87bad3c948f4d605d) (ScriptedImporter)MaterialLocation.External is obsolete. External Material Location is no longer supported. (Assets/Polytope Studio/Lowpoly_Environments/Sources/Meshes/Trees/PT_Pine_Tree_03_logs.fbx)
 -> (Import Result ID: 'b4f4f15cd27d2f8d5e1bb7ad0c9aece0') in 0.0261507 seconds [static and dynamic dependencies]. Details - ImportResultOutputID=a349a70588ad3a1d3f10f16b5426502a DependenciesID=7c553aa905566b7e657772e2c8f43e79 StaticDependenciesID=2d0b093a919e42bfc8f57524cbaa977c 
Number of updated asset objects reloaded before import = 0Number of asset objects unloaded after import = 8

========================================================================
Received Import Request.
  Time since last request: 0.000035 seconds.
  path: Assets/Materials/Textures/Kenney Prototype Textures/PNG/Purple/texture_08.png
  importAddress: Guid(98562f63bb33fde4d8321da470ba9f24) Importer(2089858483,b0f066a214c2f5e87bad3c948f4d605d)
Start importing Assets/Materials/Textures/Kenney Prototype Textures/PNG/Purple/texture_08.png using Guid(98562f63bb33fde4d8321da470ba9f24) Importer(2089858483,b0f066a214c2f5e87bad3c948f4d605d) (ScriptedImporter) -> (Import Result ID: 'ae6548c5cfa017aa80ad5b93b793465b') in 0.0251037 seconds [static and dynamic dependencies]. Details - ImportResultOutputID=94b26d7c6af46b7bccdec81882d43835 DependenciesID=ac2662fadd34b0ba5b73c767d5850196 StaticDependenciesID=3b57f332b2b4e2eeb85d09de7a805b60 
Number of updated asset objects reloaded before import = 0Number of asset objects unloaded after import = 1

========================================================================
Received Import Request.
  Time since last request: 0.000046 seconds.
  path: Assets/Materials/Textures/Kenney Prototype Textures/PNG/Light/texture_01.png
  importAddress: Guid(f2b8cf7113c30b244919a70cec6260a8) Importer(2089858483,b0f066a214c2f5e87bad3c948f4d605d)
Start importing Assets/Materials/Textures/Kenney Prototype Textures/PNG/Light/texture_01.png using Guid(f2b8cf7113c30b244919a70cec6260a8) Importer(2089858483,b0f066a214c2f5e87bad3c948f4d605d) (ScriptedImporter) -> (Import Result ID: '3e0f4012ee8b5091bb55cee916aada2a') in 0.0258147 seconds [static and dynamic dependencies]. Details - ImportResultOutputID=198da5469010426f4f02a7ee7cb8733b DependenciesID=80ed137ad3175ffbfb4923692140e382 StaticDependenciesID=5c9b90616dfd26773e93f3e4740c9fe8 
Number of updated asset objects reloaded before import = 0Number of asset objects unloaded after import = 1

========================================================================
Received Import Request.
  Time since last request: 0.000032 seconds.
  path: Assets/Polytope Studio/Lowpoly_Environments/Sources/Meshes/Trees/PT_Fruit_Tree_01_apples.fbx
  importAddress: Guid(fb0559a36ae9650449b6e3c26d5076a5) Importer(2089858483,b0f066a214c2f5e87bad3c948f4d605d)
Start importing Assets/Polytope Studio/Lowpoly_Environments/Sources/Meshes/Trees/PT_Fruit_Tree_01_apples.fbx using Guid(fb0559a36ae9650449b6e3c26d5076a5) Importer(2089858483,b0f066a214c2f5e87bad3c948f4d605d) (ScriptedImporter)MaterialLocation.External is obsolete. External Material Location is no longer supported. (Assets/Polytope Studio/Lowpoly_Environments/Sources/Meshes/Trees/PT_Fruit_Tree_01_apples.fbx)
 -> (Import Result ID: '71bf0bfb48f1e9f7068c8967a142bb75') in 0.0289144 seconds [static and dynamic dependencies]. Details - ImportResultOutputID=42357cab7ea4ff9ed23fa3ad097b71fb DependenciesID=392bf86227260790f8ebfcc85621a529 StaticDependenciesID=33c3e871aca38ec4a07df84265735398 
Number of updated asset objects reloaded before import = 0Number of asset objects unloaded after import = 20

========================================================================
Received Import Request.
  Time since last request: 0.000031 seconds.
  path: Assets/Polytope Studio/Lowpoly_Demos/Environment_Free/Environment_Free.unity
  importAddress: Guid(c732593fe76e5a84197f9cd13963f706) Importer(2089858483,b0f066a214c2f5e87bad3c948f4d605d)
Start importing Assets/Polytope Studio/Lowpoly_Demos/Environment_Free/Environment_Free.unity using Guid(c732593fe76e5a84197f9cd13963f706) Importer(2089858483,b0f066a214c2f5e87bad3c948f4d605d) (ScriptedImporter) -> (Import Result ID: 'cd92f698359ec69e5982402816e362d4') in 0.018496 seconds [static and dynamic dependencies]. Details - ImportResultOutputID=aef0c59b6a60905b5ff88a28cf3e42df DependenciesID=a133157c1d453463e00cedd674875720 StaticDependenciesID=c41219e5e470f45b6cb3b8505a4a1958 
Number of updated asset objects reloaded before import = 0Number of asset objects unloaded after import = 1

========================================================================
Received Import Request.
  Time since last request: 0.000027 seconds.
  path: Assets/Polytope Studio/Lowpoly_Village/Sources/Meshes/Modular/Fence/PT_Modular_Fence_Wood_02.fbx
  importAddress: Guid(b67d2b761d3397348831d776dbb33e03) Importer(2089858483,b0f066a214c2f5e87bad3c948f4d605d)
Start importing Assets/Polytope Studio/Lowpoly_Village/Sources/Meshes/Modular/Fence/PT_Modular_Fence_Wood_02.fbx using Guid(b67d2b761d3397348831d776dbb33e03) Importer(2089858483,b0f066a214c2f5e87bad3c948f4d605d) (ScriptedImporter)MaterialLocation.External is obsolete. External Material Location is no longer supported. (Assets/Polytope Studio/Lowpoly_Village/Sources/Meshes/Modular/Fence/PT_Modular_Fence_Wood_02.fbx)
 -> (Import Result ID: '5752021b45819fafdc9ae44c121d825e') in 0.035553 seconds [static and dynamic dependencies]. Details - ImportResultOutputID=f18130effc1a980ef870d95270f46d1d DependenciesID=a62858468b7f6df13106ab6647495e66 StaticDependenciesID=69c28092802896987ab3d63c507f2d59 
Number of updated asset objects reloaded before import = 0Number of asset objects unloaded after import = 9

========================================================================
Received Import Request.
  Time since last request: 0.000036 seconds.
  path: Assets/Materials/Textures/Kenney Prototype Textures/Vector/texture_13.svg
  importAddress: Guid(96b3b113fb0ec554f86eee978b91de6d) Importer(2089858483,b0f066a214c2f5e87bad3c948f4d605d)
Start importing Assets/Materials/Textures/Kenney Prototype Textures/Vector/texture_13.svg using Guid(96b3b113fb0ec554f86eee978b91de6d) Importer(2089858483,b0f066a214c2f5e87bad3c948f4d605d) (ScriptedImporter) -> (Import Result ID: '0fab7cb76ab05e73281f865b4a343a1b') in 0.0508373 seconds [static and dynamic dependencies]. Details - ImportResultOutputID=30f0a6c5385360195563c3d014c508b7 DependenciesID=02210f95690874526070121643897783 StaticDependenciesID=e3b0e6320405d9dd497dafa8270f0a22 
Number of updated asset objects reloaded before import = 0Number of asset objects unloaded after import = 1

========================================================================
Received Import Request.
  Time since last request: 0.000032 seconds.
  path: Assets/Polytope Studio/Lowpoly_Environments/Sources/Meshes/Trees/PT_Fruit_Tree_01_dead.fbx
  importAddress: Guid(3ebf65d3a6489594ca09a35d85d43b0a) Importer(2089858483,b0f066a214c2f5e87bad3c948f4d605d)
Start importing Assets/Polytope Studio/Lowpoly_Environments/Sources/Meshes/Trees/PT_Fruit_Tree_01_dead.fbx using Guid(3ebf65d3a6489594ca09a35d85d43b0a) Importer(2089858483,b0f066a214c2f5e87bad3c948f4d605d) (ScriptedImporter)MaterialLocation.External is obsolete. External Material Location is no longer supported. (Assets/Polytope Studio/Lowpoly_Environments/Sources/Meshes/Trees/PT_Fruit_Tree_01_dead.fbx)
 -> (Import Result ID: '67f37b10e79ac0db83ef1007262bc578') in 0.0284995 seconds [static and dynamic dependencies]. Details - ImportResultOutputID=acb4912f9648cd7fbb2f9cc61eeb73f4 DependenciesID=3d066cd7dbe794e15ca3e32158c6e826 StaticDependenciesID=aa51da4b20091418cfbe7d02c0e2e41e 
Number of updated asset objects reloaded before import = 0Number of asset objects unloaded after import = 20

========================================================================
Received Import Request.
  Time since last request: 0.000033 seconds.
  path: Assets/Polytope Studio/Lowpoly_Demos/Environment_Free/Helpers/Ground_Layer_01.terrainlayer
  importAddress: Guid(52ac57c2c14c60b4d88913beb57dce00) Importer(2089858483,b0f066a214c2f5e87bad3c948f4d605d)
Start importing Assets/Polytope Studio/Lowpoly_Demos/Environment_Free/Helpers/Ground_Layer_01.terrainlayer using Guid(52ac57c2c14c60b4d88913beb57dce00) Importer(2089858483,b0f066a214c2f5e87bad3c948f4d605d) (ScriptedImporter) -> (Import Result ID: '357cdd5402593ad20e438b8ac2c89177') in 0.0233359 seconds [static and dynamic dependencies]. Details - ImportResultOutputID=18274991d65f3c46e6f7f6d45cafd909 DependenciesID=8a7ef7db7e70ecc4725b6890e04aa6fd StaticDependenciesID=d8e70a2eddca8c64e68d7c2d6af64fff 
Number of updated asset objects reloaded before import = 0Number of asset objects unloaded after import = 2

========================================================================
Received Import Request.
  Time since last request: 0.000064 seconds.
  path: Assets/Polytope Studio/Lowpoly_Village/Sources/Meshes/Modular/Bridge/PT_Wooden_Bridge_02.fbx
  importAddress: Guid(06585c4a497d08f4591a54ccfdb05bcf) Importer(2089858483,b0f066a214c2f5e87bad3c948f4d605d)
Start importing Assets/Polytope Studio/Lowpoly_Village/Sources/Meshes/Modular/Bridge/PT_Wooden_Bridge_02.fbx using Guid(06585c4a497d08f4591a54ccfdb05bcf) Importer(2089858483,b0f066a214c2f5e87bad3c948f4d605d) (ScriptedImporter)MaterialLocation.External is obsolete. External Material Location is no longer supported. (Assets/Polytope Studio/Lowpoly_Village/Sources/Meshes/Modular/Bridge/PT_Wooden_Bridge_02.fbx)
 -> (Import Result ID: '0400ac2d5820de68049737dc2e35b78e') in 0.0284228 seconds [static and dynamic dependencies]. Details - ImportResultOutputID=6dc5156c5ff1c93c6943cb04821c67ec DependenciesID=cb0b958455a8b1513338f5b232124504 StaticDependenciesID=e97879e1563793ce325a81bf898408f2 
Number of updated asset objects reloaded before import = 0Number of asset objects unloaded after import = 17

Editor requested this worker to shutdown with reason: Scaling down because of idle timeout
AssetImportWorker is now disconnected from the server
Process exiting
Exiting without the bug reporter. Application will terminate with return code 0